{"C:\\Development\\Locle\\src\\main.js": {"path":"C:\\Development\\Locle\\src\\main.js","statementMap":{"0":{"start":{"line":34,"column":16},"end":{"line":34,"column":43}},"1":{"start":{"line":34,"column":22},"end":{"line":34,"column":43}},"2":{"start":{"line":35,"column":20},"end":{"line":35,"column":51}},"3":{"start":{"line":35,"column":26},"end":{"line":35,"column":51}},"4":{"start":{"line":36,"column":17},"end":{"line":36,"column":50}},"5":{"start":{"line":36,"column":23},"end":{"line":36,"column":50}},"6":{"start":{"line":81,"column":3},"end":{"line":81,"column":null}},"7":{"start":{"line":88,"column":20},"end":{"line":88,"column":68}},"8":{"start":{"line":89,"column":4},"end":{"line":89,"column":null}},"9":{"start":{"line":89,"column":18},"end":{"line":89,"column":null}},"10":{"start":{"line":91,"column":22},"end":{"line":95,"column":5}},"11":{"start":{"line":97,"column":4},"end":{"line":97,"column":null}},"12":{"start":{"line":112,"column":28},"end":{"line":112,"column":71}},"13":{"start":{"line":113,"column":4},"end":{"line":113,"column":null}},"14":{"start":{"line":113,"column":26},"end":{"line":113,"column":null}},"15":{"start":{"line":116,"column":28},"end":{"line":116,"column":71}},"16":{"start":{"line":117,"column":4},"end":{"line":117,"column":null}},"17":{"start":{"line":117,"column":25},"end":{"line":117,"column":null}},"18":{"start":{"line":119,"column":4},"end":{"line":119,"column":null}},"19":{"start":{"line":126,"column":28},"end":{"line":126,"column":71}},"20":{"start":{"line":127,"column":4},"end":{"line":127,"column":null}},"21":{"start":{"line":127,"column":26},"end":{"line":127,"column":null}},"22":{"start":{"line":129,"column":4},"end":{"line":129,"column":null}},"23":{"start":{"line":130,"column":4},"end":{"line":130,"column":null}},"24":{"start":{"line":137,"column":25},"end":{"line":137,"column":65}},"25":{"start":{"line":138,"column":4},"end":{"line":138,"column":null}},"26":{"start":{"line":138,"column":23},"end":{"line":138,"column":null}},"27":{"start":{"line":141,"column":4},"end":{"line":144,"column":null}},"28":{"start":{"line":142,"column":8},"end":{"line":142,"column":null}},"29":{"start":{"line":143,"column":8},"end":{"line":143,"column":null}},"30":{"start":{"line":147,"column":4},"end":{"line":150,"column":null}},"31":{"start":{"line":148,"column":8},"end":{"line":148,"column":null}},"32":{"start":{"line":149,"column":8},"end":{"line":149,"column":null}},"33":{"start":{"line":153,"column":4},"end":{"line":156,"column":null}},"34":{"start":{"line":154,"column":8},"end":{"line":154,"column":null}},"35":{"start":{"line":155,"column":8},"end":{"line":155,"column":null}},"36":{"start":{"line":159,"column":4},"end":{"line":159,"column":null}},"37":{"start":{"line":160,"column":4},"end":{"line":160,"column":null}},"38":{"start":{"line":168,"column":22},"end":{"line":168,"column":59}},"39":{"start":{"line":169,"column":4},"end":{"line":171,"column":null}},"40":{"start":{"line":170,"column":8},"end":{"line":170,"column":null}},"41":{"start":{"line":178,"column":18},"end":{"line":178,"column":57}},"42":{"start":{"line":179,"column":21},"end":{"line":179,"column":64}},"43":{"start":{"line":180,"column":4},"end":{"line":180,"column":null}},"44":{"start":{"line":180,"column":15},"end":{"line":180,"column":null}},"45":{"start":{"line":181,"column":4},"end":{"line":181,"column":null}},"46":{"start":{"line":181,"column":18},"end":{"line":181,"column":null}},"47":{"start":{"line":188,"column":18},"end":{"line":188,"column":57}},"48":{"start":{"line":189,"column":21},"end":{"line":189,"column":64}},"49":{"start":{"line":190,"column":4},"end":{"line":190,"column":null}},"50":{"start":{"line":190,"column":15},"end":{"line":190,"column":null}},"51":{"start":{"line":191,"column":4},"end":{"line":191,"column":null}},"52":{"start":{"line":191,"column":18},"end":{"line":191,"column":null}},"53":{"start":{"line":198,"column":18},"end":{"line":198,"column":57}},"54":{"start":{"line":199,"column":21},"end":{"line":199,"column":64}},"55":{"start":{"line":200,"column":4},"end":{"line":200,"column":null}},"56":{"start":{"line":200,"column":15},"end":{"line":200,"column":null}},"57":{"start":{"line":201,"column":4},"end":{"line":201,"column":null}},"58":{"start":{"line":201,"column":18},"end":{"line":201,"column":null}},"59":{"start":{"line":216,"column":17},"end":{"line":216,"column":54}},"60":{"start":{"line":217,"column":4},"end":{"line":217,"column":null}},"61":{"start":{"line":217,"column":14},"end":{"line":217,"column":null}},"62":{"start":{"line":219,"column":3},"end":{"line":219,"column":null}},"63":{"start":{"line":220,"column":3},"end":{"line":220,"column":null}},"64":{"start":{"line":221,"column":4},"end":{"line":221,"column":null}},"65":{"start":{"line":222,"column":4},"end":{"line":222,"column":null}},"66":{"start":{"line":223,"column":4},"end":{"line":223,"column":null}},"67":{"start":{"line":224,"column":3},"end":{"line":224,"column":null}},"68":{"start":{"line":225,"column":3},"end":{"line":225,"column":null}},"69":{"start":{"line":227,"column":24},"end":{"line":227,"column":63}},"70":{"start":{"line":228,"column":24},"end":{"line":228,"column":63}},"71":{"start":{"line":229,"column":25},"end":{"line":229,"column":65}},"72":{"start":{"line":230,"column":4},"end":{"line":230,"column":null}},"73":{"start":{"line":230,"column":21},"end":{"line":230,"column":null}},"74":{"start":{"line":231,"column":4},"end":{"line":231,"column":null}},"75":{"start":{"line":231,"column":21},"end":{"line":231,"column":null}},"76":{"start":{"line":232,"column":4},"end":{"line":232,"column":null}},"77":{"start":{"line":232,"column":22},"end":{"line":232,"column":null}},"78":{"start":{"line":239,"column":17},"end":{"line":239,"column":54}},"79":{"start":{"line":240,"column":4},"end":{"line":240,"column":null}},"80":{"start":{"line":240,"column":14},"end":{"line":240,"column":null}},"81":{"start":{"line":242,"column":3},"end":{"line":242,"column":null}},"82":{"start":{"line":244,"column":4},"end":{"line":247,"column":null}},"83":{"start":{"line":245,"column":7},"end":{"line":245,"column":null}},"84":{"start":{"line":246,"column":7},"end":{"line":246,"column":null}},"85":{"start":{"line":249,"column":3},"end":{"line":249,"column":null}},"86":{"start":{"line":250,"column":3},"end":{"line":250,"column":null}},"87":{"start":{"line":251,"column":3},"end":{"line":251,"column":null}},"88":{"start":{"line":252,"column":3},"end":{"line":252,"column":null}},"89":{"start":{"line":254,"column":4},"end":{"line":256,"column":null}},"90":{"start":{"line":255,"column":8},"end":{"line":255,"column":null}},"91":{"start":{"line":263,"column":4},"end":{"line":282,"column":null}},"92":{"start":{"line":265,"column":45},"end":{"line":265,"column":114}},"93":{"start":{"line":266,"column":33},"end":{"line":266,"column":88}},"94":{"start":{"line":270,"column":35},"end":{"line":274,"column":10}},"95":{"start":{"line":275,"column":27},"end":{"line":275,"column":56}},"96":{"start":{"line":279,"column":11},"end":{"line":279,"column":null}},"97":{"start":{"line":280,"column":11},"end":{"line":280,"column":null}},"98":{"start":{"line":289,"column":4},"end":{"line":295,"column":null}},"99":{"start":{"line":291,"column":27},"end":{"line":291,"column":56}},"100":{"start":{"line":302,"column":3},"end":{"line":307,"column":null}},"101":{"start":{"line":304,"column":29},"end":{"line":304,"column":54}},"102":{"start":{"line":310,"column":3},"end":{"line":310,"column":null}},"103":{"start":{"line":317,"column":3},"end":{"line":317,"column":null}},"104":{"start":{"line":320,"column":3},"end":{"line":320,"column":null}},"105":{"start":{"line":327,"column":0},"end":{"line":701,"column":null}},"106":{"start":{"line":329,"column":3},"end":{"line":329,"column":null}},"107":{"start":{"line":332,"column":3},"end":{"line":332,"column":null}},"108":{"start":{"line":332,"column":35},"end":{"line":332,"column":71}},"109":{"start":{"line":335,"column":4},"end":{"line":335,"column":null}},"110":{"start":{"line":338,"column":3},"end":{"line":341,"column":null}},"111":{"start":{"line":339,"column":8},"end":{"line":339,"column":null}},"112":{"start":{"line":340,"column":7},"end":{"line":340,"column":null}},"113":{"start":{"line":347,"column":21},"end":{"line":347,"column":64}},"114":{"start":{"line":348,"column":25},"end":{"line":348,"column":66}},"115":{"start":{"line":349,"column":32},"end":{"line":349,"column":80}},"116":{"start":{"line":351,"column":27},"end":{"line":351,"column":29}},"117":{"start":{"line":353,"column":4},"end":{"line":357,"column":null}},"118":{"start":{"line":354,"column":23},"end":{"line":354,"column":62}},"119":{"start":{"line":355,"column":7},"end":{"line":355,"column":null}},"120":{"start":{"line":356,"column":7},"end":{"line":356,"column":null}},"121":{"start":{"line":359,"column":4},"end":{"line":390,"column":null}},"122":{"start":{"line":360,"column":22},"end":{"line":360,"column":80}},"123":{"start":{"line":362,"column":8},"end":{"line":389,"column":null}},"124":{"start":{"line":363,"column":12},"end":{"line":363,"column":null}},"125":{"start":{"line":364,"column":12},"end":{"line":364,"column":null}},"126":{"start":{"line":365,"column":12},"end":{"line":365,"column":null}},"127":{"start":{"line":366,"column":15},"end":{"line":389,"column":null}},"128":{"start":{"line":367,"column":12},"end":{"line":367,"column":null}},"129":{"start":{"line":368,"column":12},"end":{"line":368,"column":null}},"130":{"start":{"line":369,"column":12},"end":{"line":369,"column":null}},"131":{"start":{"line":370,"column":15},"end":{"line":389,"column":null}},"132":{"start":{"line":371,"column":12},"end":{"line":371,"column":null}},"133":{"start":{"line":372,"column":12},"end":{"line":384,"column":null}},"134":{"start":{"line":373,"column":31},"end":{"line":373,"column":66}},"135":{"start":{"line":374,"column":16},"end":{"line":374,"column":null}},"136":{"start":{"line":375,"column":15},"end":{"line":375,"column":null}},"137":{"start":{"line":376,"column":16},"end":{"line":376,"column":null}},"138":{"start":{"line":377,"column":19},"end":{"line":384,"column":null}},"139":{"start":{"line":378,"column":31},"end":{"line":378,"column":70}},"140":{"start":{"line":379,"column":16},"end":{"line":383,"column":null}},"141":{"start":{"line":380,"column":20},"end":{"line":380,"column":null}},"142":{"start":{"line":381,"column":23},"end":{"line":383,"column":null}},"143":{"start":{"line":382,"column":20},"end":{"line":382,"column":null}},"144":{"start":{"line":385,"column":12},"end":{"line":385,"column":null}},"145":{"start":{"line":386,"column":15},"end":{"line":389,"column":null}},"146":{"start":{"line":387,"column":11},"end":{"line":387,"column":null}},"147":{"start":{"line":388,"column":12},"end":{"line":388,"column":null}},"148":{"start":{"line":393,"column":8},"end":{"line":395,"column":null}},"149":{"start":{"line":394,"column":12},"end":{"line":394,"column":null}},"150":{"start":{"line":398,"column":4},"end":{"line":406,"column":null}},"151":{"start":{"line":399,"column":22},"end":{"line":399,"column":43}},"152":{"start":{"line":400,"column":23},"end":{"line":400,"column":53}},"153":{"start":{"line":401,"column":8},"end":{"line":405,"column":null}},"154":{"start":{"line":402,"column":12},"end":{"line":402,"column":null}},"155":{"start":{"line":403,"column":15},"end":{"line":405,"column":null}},"156":{"start":{"line":404,"column":12},"end":{"line":404,"column":null}},"157":{"start":{"line":412,"column":18},"end":{"line":412,"column":57}},"158":{"start":{"line":413,"column":22},"end":{"line":413,"column":59}},"159":{"start":{"line":414,"column":29},"end":{"line":414,"column":73}},"160":{"start":{"line":416,"column":24},"end":{"line":416,"column":26}},"161":{"start":{"line":418,"column":4},"end":{"line":422,"column":null}},"162":{"start":{"line":419,"column":23},"end":{"line":419,"column":62}},"163":{"start":{"line":420,"column":7},"end":{"line":420,"column":null}},"164":{"start":{"line":421,"column":7},"end":{"line":421,"column":null}},"165":{"start":{"line":424,"column":4},"end":{"line":455,"column":null}},"166":{"start":{"line":425,"column":22},"end":{"line":425,"column":77}},"167":{"start":{"line":427,"column":8},"end":{"line":454,"column":null}},"168":{"start":{"line":428,"column":12},"end":{"line":428,"column":null}},"169":{"start":{"line":429,"column":12},"end":{"line":429,"column":null}},"170":{"start":{"line":430,"column":12},"end":{"line":430,"column":null}},"171":{"start":{"line":431,"column":15},"end":{"line":454,"column":null}},"172":{"start":{"line":432,"column":12},"end":{"line":432,"column":null}},"173":{"start":{"line":433,"column":12},"end":{"line":433,"column":null}},"174":{"start":{"line":434,"column":12},"end":{"line":434,"column":null}},"175":{"start":{"line":435,"column":15},"end":{"line":454,"column":null}},"176":{"start":{"line":436,"column":12},"end":{"line":436,"column":null}},"177":{"start":{"line":437,"column":12},"end":{"line":449,"column":null}},"178":{"start":{"line":438,"column":31},"end":{"line":438,"column":63}},"179":{"start":{"line":439,"column":16},"end":{"line":439,"column":null}},"180":{"start":{"line":440,"column":15},"end":{"line":440,"column":null}},"181":{"start":{"line":441,"column":16},"end":{"line":441,"column":null}},"182":{"start":{"line":442,"column":19},"end":{"line":449,"column":null}},"183":{"start":{"line":443,"column":31},"end":{"line":443,"column":67}},"184":{"start":{"line":444,"column":16},"end":{"line":448,"column":null}},"185":{"start":{"line":445,"column":20},"end":{"line":445,"column":null}},"186":{"start":{"line":446,"column":23},"end":{"line":448,"column":null}},"187":{"start":{"line":447,"column":20},"end":{"line":447,"column":null}},"188":{"start":{"line":450,"column":12},"end":{"line":450,"column":null}},"189":{"start":{"line":451,"column":15},"end":{"line":454,"column":null}},"190":{"start":{"line":452,"column":11},"end":{"line":452,"column":null}},"191":{"start":{"line":453,"column":12},"end":{"line":453,"column":null}},"192":{"start":{"line":458,"column":8},"end":{"line":460,"column":null}},"193":{"start":{"line":459,"column":12},"end":{"line":459,"column":null}},"194":{"start":{"line":463,"column":4},"end":{"line":471,"column":null}},"195":{"start":{"line":464,"column":22},"end":{"line":464,"column":40}},"196":{"start":{"line":465,"column":23},"end":{"line":465,"column":53}},"197":{"start":{"line":466,"column":8},"end":{"line":470,"column":null}},"198":{"start":{"line":467,"column":12},"end":{"line":467,"column":null}},"199":{"start":{"line":468,"column":15},"end":{"line":470,"column":null}},"200":{"start":{"line":469,"column":12},"end":{"line":469,"column":null}},"201":{"start":{"line":474,"column":4},"end":{"line":479,"column":null}},"202":{"start":{"line":475,"column":8},"end":{"line":478,"column":null}},"203":{"start":{"line":476,"column":11},"end":{"line":476,"column":null}},"204":{"start":{"line":477,"column":11},"end":{"line":477,"column":null}},"205":{"start":{"line":485,"column":25},"end":{"line":485,"column":65}},"206":{"start":{"line":487,"column":4},"end":{"line":491,"column":null}},"207":{"start":{"line":488,"column":8},"end":{"line":488,"column":null}},"208":{"start":{"line":489,"column":8},"end":{"line":489,"column":null}},"209":{"start":{"line":490,"column":8},"end":{"line":490,"column":null}},"210":{"start":{"line":493,"column":4},"end":{"line":497,"column":null}},"211":{"start":{"line":494,"column":8},"end":{"line":496,"column":null}},"212":{"start":{"line":495,"column":12},"end":{"line":495,"column":null}},"213":{"start":{"line":499,"column":4},"end":{"line":504,"column":null}},"214":{"start":{"line":500,"column":8},"end":{"line":500,"column":null}},"215":{"start":{"line":501,"column":8},"end":{"line":501,"column":null}},"216":{"start":{"line":502,"column":8},"end":{"line":502,"column":null}},"217":{"start":{"line":503,"column":7},"end":{"line":503,"column":null}},"218":{"start":{"line":506,"column":4},"end":{"line":509,"column":null}},"219":{"start":{"line":507,"column":8},"end":{"line":507,"column":null}},"220":{"start":{"line":508,"column":7},"end":{"line":508,"column":null}},"221":{"start":{"line":511,"column":4},"end":{"line":514,"column":null}},"222":{"start":{"line":512,"column":8},"end":{"line":512,"column":null}},"223":{"start":{"line":513,"column":7},"end":{"line":513,"column":null}},"224":{"start":{"line":516,"column":4},"end":{"line":518,"column":null}},"225":{"start":{"line":517,"column":7},"end":{"line":517,"column":null}},"226":{"start":{"line":517,"column":41},"end":{"line":517,"column":77}},"227":{"start":{"line":524,"column":4},"end":{"line":538,"column":null}},"228":{"start":{"line":525,"column":8},"end":{"line":537,"column":null}},"229":{"start":{"line":526,"column":12},"end":{"line":526,"column":null}},"230":{"start":{"line":527,"column":12},"end":{"line":527,"column":null}},"231":{"start":{"line":528,"column":12},"end":{"line":528,"column":null}},"232":{"start":{"line":529,"column":15},"end":{"line":537,"column":null}},"233":{"start":{"line":530,"column":12},"end":{"line":530,"column":null}},"234":{"start":{"line":531,"column":12},"end":{"line":531,"column":null}},"235":{"start":{"line":532,"column":12},"end":{"line":532,"column":null}},"236":{"start":{"line":534,"column":12},"end":{"line":534,"column":null}},"237":{"start":{"line":535,"column":12},"end":{"line":535,"column":null}},"238":{"start":{"line":536,"column":12},"end":{"line":536,"column":null}},"239":{"start":{"line":540,"column":4},"end":{"line":548,"column":null}},"240":{"start":{"line":541,"column":8},"end":{"line":547,"column":null}},"241":{"start":{"line":542,"column":12},"end":{"line":542,"column":null}},"242":{"start":{"line":543,"column":12},"end":{"line":543,"column":null}},"243":{"start":{"line":545,"column":12},"end":{"line":545,"column":null}},"244":{"start":{"line":546,"column":12},"end":{"line":546,"column":null}},"245":{"start":{"line":554,"column":4},"end":{"line":558,"column":null}},"246":{"start":{"line":555,"column":8},"end":{"line":557,"column":null}},"247":{"start":{"line":556,"column":11},"end":{"line":556,"column":null}},"248":{"start":{"line":560,"column":4},"end":{"line":560,"column":null}},"249":{"start":{"line":562,"column":4},"end":{"line":566,"column":null}},"250":{"start":{"line":563,"column":7},"end":{"line":563,"column":null}},"251":{"start":{"line":564,"column":8},"end":{"line":564,"column":null}},"252":{"start":{"line":565,"column":7},"end":{"line":565,"column":null}},"253":{"start":{"line":568,"column":4},"end":{"line":573,"column":null}},"254":{"start":{"line":569,"column":8},"end":{"line":572,"column":null}},"255":{"start":{"line":570,"column":11},"end":{"line":570,"column":null}},"256":{"start":{"line":571,"column":12},"end":{"line":571,"column":null}},"257":{"start":{"line":579,"column":4},"end":{"line":579,"column":null}},"258":{"start":{"line":580,"column":4},"end":{"line":580,"column":null}},"259":{"start":{"line":581,"column":4},"end":{"line":581,"column":null}},"260":{"start":{"line":582,"column":4},"end":{"line":586,"column":null}},"261":{"start":{"line":583,"column":8},"end":{"line":585,"column":null}},"262":{"start":{"line":584,"column":11},"end":{"line":584,"column":null}},"263":{"start":{"line":592,"column":24},"end":{"line":592,"column":63}},"264":{"start":{"line":593,"column":29},"end":{"line":593,"column":73}},"265":{"start":{"line":595,"column":4},"end":{"line":598,"column":null}},"266":{"start":{"line":596,"column":8},"end":{"line":596,"column":null}},"267":{"start":{"line":597,"column":8},"end":{"line":597,"column":null}},"268":{"start":{"line":600,"column":4},"end":{"line":604,"column":null}},"269":{"start":{"line":601,"column":8},"end":{"line":603,"column":null}},"270":{"start":{"line":602,"column":12},"end":{"line":602,"column":null}},"271":{"start":{"line":607,"column":4},"end":{"line":616,"column":null}},"272":{"start":{"line":608,"column":8},"end":{"line":615,"column":null}},"273":{"start":{"line":609,"column":12},"end":{"line":609,"column":null}},"274":{"start":{"line":610,"column":11},"end":{"line":610,"column":null}},"275":{"start":{"line":611,"column":11},"end":{"line":611,"column":null}},"276":{"start":{"line":612,"column":12},"end":{"line":612,"column":null}},"277":{"start":{"line":613,"column":11},"end":{"line":613,"column":null}},"278":{"start":{"line":614,"column":11},"end":{"line":614,"column":null}},"279":{"start":{"line":619,"column":4},"end":{"line":637,"column":null}},"280":{"start":{"line":620,"column":8},"end":{"line":620,"column":null}},"281":{"start":{"line":620,"column":41},"end":{"line":620,"column":null}},"282":{"start":{"line":622,"column":29},"end":{"line":622,"column":55}},"283":{"start":{"line":623,"column":29},"end":{"line":623,"column":75}},"284":{"start":{"line":624,"column":26},"end":{"line":624,"column":66}},"285":{"start":{"line":625,"column":30},"end":{"line":625,"column":53}},"286":{"start":{"line":627,"column":8},"end":{"line":627,"column":null}},"287":{"start":{"line":629,"column":22},"end":{"line":629,"column":70}},"288":{"start":{"line":630,"column":8},"end":{"line":630,"column":null}},"289":{"start":{"line":630,"column":19},"end":{"line":630,"column":null}},"290":{"start":{"line":632,"column":7},"end":{"line":632,"column":null}},"291":{"start":{"line":633,"column":7},"end":{"line":633,"column":null}},"292":{"start":{"line":634,"column":8},"end":{"line":634,"column":null}},"293":{"start":{"line":635,"column":7},"end":{"line":635,"column":null}},"294":{"start":{"line":636,"column":7},"end":{"line":636,"column":null}},"295":{"start":{"line":640,"column":4},"end":{"line":657,"column":null}},"296":{"start":{"line":641,"column":29},"end":{"line":641,"column":55}},"297":{"start":{"line":642,"column":29},"end":{"line":642,"column":75}},"298":{"start":{"line":643,"column":26},"end":{"line":643,"column":66}},"299":{"start":{"line":644,"column":30},"end":{"line":644,"column":53}},"300":{"start":{"line":646,"column":8},"end":{"line":646,"column":null}},"301":{"start":{"line":648,"column":22},"end":{"line":648,"column":70}},"302":{"start":{"line":649,"column":8},"end":{"line":649,"column":null}},"303":{"start":{"line":649,"column":19},"end":{"line":649,"column":null}},"304":{"start":{"line":651,"column":7},"end":{"line":651,"column":null}},"305":{"start":{"line":652,"column":7},"end":{"line":652,"column":null}},"306":{"start":{"line":653,"column":8},"end":{"line":653,"column":null}},"307":{"start":{"line":654,"column":7},"end":{"line":654,"column":null}},"308":{"start":{"line":655,"column":7},"end":{"line":655,"column":null}},"309":{"start":{"line":656,"column":8},"end":{"line":656,"column":null}},"310":{"start":{"line":663,"column":4},"end":{"line":663,"column":null}},"311":{"start":{"line":669,"column":4},"end":{"line":697,"column":null}},"312":{"start":{"line":671,"column":8},"end":{"line":671,"column":null}},"313":{"start":{"line":671,"column":42},"end":{"line":671,"column":null}},"314":{"start":{"line":673,"column":8},"end":{"line":696,"column":null}},"315":{"start":{"line":675,"column":16},"end":{"line":675,"column":null}},"316":{"start":{"line":676,"column":15},"end":{"line":676,"column":null}},"317":{"start":{"line":677,"column":16},"end":{"line":677,"column":null}},"318":{"start":{"line":679,"column":16},"end":{"line":679,"column":null}},"319":{"start":{"line":680,"column":16},"end":{"line":680,"column":null}},"320":{"start":{"line":681,"column":16},"end":{"line":681,"column":null}},"321":{"start":{"line":683,"column":16},"end":{"line":683,"column":null}},"322":{"start":{"line":684,"column":16},"end":{"line":684,"column":null}},"323":{"start":{"line":685,"column":16},"end":{"line":685,"column":null}},"324":{"start":{"line":687,"column":16},"end":{"line":687,"column":null}},"325":{"start":{"line":688,"column":15},"end":{"line":688,"column":null}},"326":{"start":{"line":689,"column":16},"end":{"line":689,"column":null}},"327":{"start":{"line":691,"column":15},"end":{"line":691,"column":null}},"328":{"start":{"line":692,"column":15},"end":{"line":692,"column":null}},"329":{"start":{"line":693,"column":16},"end":{"line":693,"column":null}},"330":{"start":{"line":694,"column":16},"end":{"line":694,"column":null}},"331":{"start":{"line":695,"column":16},"end":{"line":695,"column":null}},"332":{"start":{"line":700,"column":4},"end":{"line":700,"column":null}}},"fnMap":{"0":{"name":"(anonymous_0)","decl":{"start":{"line":34,"column":16},"end":{"line":34,"column":17}},"loc":{"start":{"line":34,"column":22},"end":{"line":34,"column":43}},"line":34},"1":{"name":"(anonymous_1)","decl":{"start":{"line":35,"column":20},"end":{"line":35,"column":21}},"loc":{"start":{"line":35,"column":26},"end":{"line":35,"column":51}},"line":35},"2":{"name":"(anonymous_2)","decl":{"start":{"line":36,"column":17},"end":{"line":36,"column":18}},"loc":{"start":{"line":36,"column":23},"end":{"line":36,"column":50}},"line":36},"3":{"name":"updateStats","decl":{"start":{"line":80,"column":9},"end":{"line":80,"column":20}},"loc":{"start":{"line":80,"column":23},"end":{"line":82,"column":null}},"line":80},"4":{"name":"updateDifficultyDisplay","decl":{"start":{"line":87,"column":9},"end":{"line":87,"column":32}},"loc":{"start":{"line":87,"column":35},"end":{"line":98,"column":null}},"line":87},"5":{"name":"clearResultLine","decl":{"start":{"line":103,"column":9},"end":{"line":103,"column":24}},"loc":{"start":{"line":103,"column":27},"end":{"line":106,"column":null}},"line":103},"6":{"name":"showTutorial","decl":{"start":{"line":111,"column":9},"end":{"line":111,"column":21}},"loc":{"start":{"line":111,"column":24},"end":{"line":120,"column":null}},"line":111},"7":{"name":"hideTutorial","decl":{"start":{"line":125,"column":9},"end":{"line":125,"column":21}},"loc":{"start":{"line":125,"column":24},"end":{"line":131,"column":null}},"line":125},"8":{"name":"initStartScreenListeners","decl":{"start":{"line":136,"column":9},"end":{"line":136,"column":33}},"loc":{"start":{"line":136,"column":36},"end":{"line":161,"column":null}},"line":136},"9":{"name":"(anonymous_9)","decl":{"start":{"line":141,"column":70},"end":{"line":141,"column":71}},"loc":{"start":{"line":141,"column":76},"end":{"line":144,"column":5}},"line":141},"10":{"name":"(anonymous_10)","decl":{"start":{"line":147,"column":73},"end":{"line":147,"column":74}},"loc":{"start":{"line":147,"column":79},"end":{"line":150,"column":5}},"line":147},"11":{"name":"(anonymous_11)","decl":{"start":{"line":153,"column":71},"end":{"line":153,"column":72}},"loc":{"start":{"line":153,"column":77},"end":{"line":156,"column":5}},"line":153},"12":{"name":"updateFloatingMenuState","decl":{"start":{"line":166,"column":9},"end":{"line":166,"column":32}},"loc":{"start":{"line":166,"column":35},"end":{"line":172,"column":null}},"line":166},"13":{"name":"clearInput","decl":{"start":{"line":177,"column":9},"end":{"line":177,"column":19}},"loc":{"start":{"line":177,"column":22},"end":{"line":182,"column":null}},"line":177},"14":{"name":"disableInput","decl":{"start":{"line":187,"column":9},"end":{"line":187,"column":21}},"loc":{"start":{"line":187,"column":24},"end":{"line":192,"column":null}},"line":187},"15":{"name":"enableInput","decl":{"start":{"line":197,"column":9},"end":{"line":197,"column":20}},"loc":{"start":{"line":197,"column":23},"end":{"line":202,"column":null}},"line":197},"16":{"name":"showResultLine","decl":{"start":{"line":207,"column":9},"end":{"line":207,"column":23}},"loc":{"start":{"line":207,"column":26},"end":{"line":210,"column":null}},"line":207},"17":{"name":"resetUI","decl":{"start":{"line":215,"column":9},"end":{"line":215,"column":16}},"loc":{"start":{"line":215,"column":19},"end":{"line":233,"column":null}},"line":215},"18":{"name":"restoreGameUI","decl":{"start":{"line":238,"column":9},"end":{"line":238,"column":22}},"loc":{"start":{"line":238,"column":25},"end":{"line":257,"column":null}},"line":238},"19":{"name":"(anonymous_19)","decl":{"start":{"line":244,"column":30},"end":{"line":244,"column":31}},"loc":{"start":{"line":244,"column":48},"end":{"line":247,"column":5}},"line":244},"20":{"name":"handleGuess","decl":{"start":{"line":262,"column":9},"end":{"line":262,"column":20}},"loc":{"start":{"line":262,"column":33},"end":{"line":283,"column":null}},"line":262},"21":{"name":"(anonymous_21)","decl":{"start":{"line":265,"column":27},"end":{"line":265,"column":28}},"loc":{"start":{"line":265,"column":45},"end":{"line":265,"column":114}},"line":265},"22":{"name":"(anonymous_22)","decl":{"start":{"line":266,"column":28},"end":{"line":266,"column":29}},"loc":{"start":{"line":266,"column":33},"end":{"line":266,"column":88}},"line":266},"23":{"name":"(anonymous_23)","decl":{"start":{"line":270,"column":30},"end":{"line":270,"column":31}},"loc":{"start":{"line":270,"column":35},"end":{"line":274,"column":10}},"line":270},"24":{"name":"(anonymous_24)","decl":{"start":{"line":275,"column":22},"end":{"line":275,"column":23}},"loc":{"start":{"line":275,"column":27},"end":{"line":275,"column":56}},"line":275},"25":{"name":"(anonymous_25)","decl":{"start":{"line":278,"column":26},"end":{"line":278,"column":27}},"loc":{"start":{"line":278,"column":32},"end":{"line":281,"column":null}},"line":278},"26":{"name":"handleInitGame","decl":{"start":{"line":288,"column":9},"end":{"line":288,"column":23}},"loc":{"start":{"line":288,"column":63},"end":{"line":296,"column":null}},"line":288},"27":{"name":"(anonymous_27)","decl":{"start":{"line":291,"column":22},"end":{"line":291,"column":23}},"loc":{"start":{"line":291,"column":27},"end":{"line":291,"column":56}},"line":291},"28":{"name":"handleInitLocateMode","decl":{"start":{"line":301,"column":9},"end":{"line":301,"column":29}},"loc":{"start":{"line":301,"column":32},"end":{"line":311,"column":null}},"line":301},"29":{"name":"(anonymous_29)","decl":{"start":{"line":304,"column":24},"end":{"line":304,"column":25}},"loc":{"start":{"line":304,"column":29},"end":{"line":304,"column":54}},"line":304},"30":{"name":"handleExitLocateMode","decl":{"start":{"line":316,"column":9},"end":{"line":316,"column":29}},"loc":{"start":{"line":316,"column":32},"end":{"line":321,"column":null}},"line":316},"31":{"name":"(anonymous_31)","decl":{"start":{"line":327,"column":46},"end":{"line":327,"column":47}},"loc":{"start":{"line":327,"column":52},"end":{"line":701,"column":1}},"line":327},"32":{"name":"(anonymous_32)","decl":{"start":{"line":332,"column":30},"end":{"line":332,"column":31}},"loc":{"start":{"line":332,"column":35},"end":{"line":332,"column":71}},"line":332},"33":{"name":"(anonymous_33)","decl":{"start":{"line":338,"column":12},"end":{"line":338,"column":13}},"loc":{"start":{"line":338,"column":18},"end":{"line":341,"column":5}},"line":338},"34":{"name":"(anonymous_34)","decl":{"start":{"line":353,"column":39},"end":{"line":353,"column":40}},"loc":{"start":{"line":353,"column":46},"end":{"line":357,"column":5}},"line":353},"35":{"name":"(anonymous_35)","decl":{"start":{"line":359,"column":41},"end":{"line":359,"column":42}},"loc":{"start":{"line":359,"column":48},"end":{"line":390,"column":5}},"line":359},"36":{"name":"updateSelectionNew","decl":{"start":{"line":392,"column":13},"end":{"line":392,"column":31}},"loc":{"start":{"line":392,"column":39},"end":{"line":396,"column":null}},"line":392},"37":{"name":"(anonymous_37)","decl":{"start":{"line":393,"column":22},"end":{"line":393,"column":23}},"loc":{"start":{"line":393,"column":35},"end":{"line":395,"column":9}},"line":393},"38":{"name":"(anonymous_38)","decl":{"start":{"line":398,"column":43},"end":{"line":398,"column":44}},"loc":{"start":{"line":398,"column":49},"end":{"line":406,"column":5}},"line":398},"39":{"name":"(anonymous_39)","decl":{"start":{"line":418,"column":36},"end":{"line":418,"column":37}},"loc":{"start":{"line":418,"column":43},"end":{"line":422,"column":5}},"line":418},"40":{"name":"(anonymous_40)","decl":{"start":{"line":424,"column":38},"end":{"line":424,"column":39}},"loc":{"start":{"line":424,"column":45},"end":{"line":455,"column":5}},"line":424},"41":{"name":"updateSelection","decl":{"start":{"line":457,"column":13},"end":{"line":457,"column":28}},"loc":{"start":{"line":457,"column":36},"end":{"line":461,"column":null}},"line":457},"42":{"name":"(anonymous_42)","decl":{"start":{"line":458,"column":22},"end":{"line":458,"column":23}},"loc":{"start":{"line":458,"column":35},"end":{"line":460,"column":9}},"line":458},"43":{"name":"(anonymous_43)","decl":{"start":{"line":463,"column":40},"end":{"line":463,"column":41}},"loc":{"start":{"line":463,"column":46},"end":{"line":471,"column":5}},"line":463},"44":{"name":"(anonymous_44)","decl":{"start":{"line":474,"column":39},"end":{"line":474,"column":40}},"loc":{"start":{"line":474,"column":46},"end":{"line":479,"column":5}},"line":474},"45":{"name":"(anonymous_45)","decl":{"start":{"line":487,"column":75},"end":{"line":487,"column":76}},"loc":{"start":{"line":487,"column":82},"end":{"line":491,"column":5}},"line":487},"46":{"name":"(anonymous_46)","decl":{"start":{"line":493,"column":39},"end":{"line":493,"column":40}},"loc":{"start":{"line":493,"column":46},"end":{"line":497,"column":5}},"line":493},"47":{"name":"(anonymous_47)","decl":{"start":{"line":499,"column":71},"end":{"line":499,"column":72}},"loc":{"start":{"line":499,"column":77},"end":{"line":504,"column":5}},"line":499},"48":{"name":"(anonymous_48)","decl":{"start":{"line":506,"column":68},"end":{"line":506,"column":69}},"loc":{"start":{"line":506,"column":74},"end":{"line":509,"column":5}},"line":506},"49":{"name":"(anonymous_49)","decl":{"start":{"line":511,"column":67},"end":{"line":511,"column":68}},"loc":{"start":{"line":511,"column":73},"end":{"line":514,"column":5}},"line":511},"50":{"name":"(anonymous_50)","decl":{"start":{"line":516,"column":74},"end":{"line":516,"column":75}},"loc":{"start":{"line":516,"column":80},"end":{"line":518,"column":5}},"line":516},"51":{"name":"(anonymous_51)","decl":{"start":{"line":517,"column":36},"end":{"line":517,"column":37}},"loc":{"start":{"line":517,"column":41},"end":{"line":517,"column":77}},"line":517},"52":{"name":"(anonymous_52)","decl":{"start":{"line":524,"column":70},"end":{"line":524,"column":71}},"loc":{"start":{"line":524,"column":76},"end":{"line":538,"column":5}},"line":524},"53":{"name":"(anonymous_53)","decl":{"start":{"line":540,"column":68},"end":{"line":540,"column":69}},"loc":{"start":{"line":540,"column":74},"end":{"line":548,"column":5}},"line":540},"54":{"name":"(anonymous_54)","decl":{"start":{"line":554,"column":67},"end":{"line":554,"column":68}},"loc":{"start":{"line":554,"column":73},"end":{"line":558,"column":5}},"line":554},"55":{"name":"(anonymous_55)","decl":{"start":{"line":562,"column":72},"end":{"line":562,"column":73}},"loc":{"start":{"line":562,"column":78},"end":{"line":566,"column":5}},"line":562},"56":{"name":"(anonymous_56)","decl":{"start":{"line":568,"column":71},"end":{"line":568,"column":72}},"loc":{"start":{"line":568,"column":78},"end":{"line":573,"column":5}},"line":568},"57":{"name":"(anonymous_57)","decl":{"start":{"line":582,"column":70},"end":{"line":582,"column":71}},"loc":{"start":{"line":582,"column":77},"end":{"line":586,"column":5}},"line":582},"58":{"name":"(anonymous_58)","decl":{"start":{"line":595,"column":42},"end":{"line":595,"column":43}},"loc":{"start":{"line":595,"column":49},"end":{"line":598,"column":5}},"line":595},"59":{"name":"(anonymous_59)","decl":{"start":{"line":600,"column":39},"end":{"line":600,"column":40}},"loc":{"start":{"line":600,"column":46},"end":{"line":604,"column":5}},"line":600},"60":{"name":"(anonymous_60)","decl":{"start":{"line":607,"column":66},"end":{"line":607,"column":71}},"loc":{"start":{"line":607,"column":75},"end":{"line":616,"column":5}},"line":607},"61":{"name":"(anonymous_61)","decl":{"start":{"line":608,"column":41},"end":{"line":608,"column":42}},"loc":{"start":{"line":608,"column":48},"end":{"line":615,"column":9}},"line":608},"62":{"name":"(anonymous_62)","decl":{"start":{"line":619,"column":69},"end":{"line":619,"column":70}},"loc":{"start":{"line":619,"column":75},"end":{"line":637,"column":5}},"line":619},"63":{"name":"(anonymous_63)","decl":{"start":{"line":640,"column":80},"end":{"line":640,"column":81}},"loc":{"start":{"line":640,"column":86},"end":{"line":657,"column":5}},"line":640},"64":{"name":"(anonymous_64)","decl":{"start":{"line":669,"column":41},"end":{"line":669,"column":42}},"loc":{"start":{"line":669,"column":48},"end":{"line":697,"column":5}},"line":669}},"branchMap":{"0":{"loc":{"start":{"line":89,"column":4},"end":{"line":89,"column":null}},"type":"if","locations":[{"start":{"line":89,"column":4},"end":{"line":89,"column":null}},{"start":{},"end":{}}],"line":89},"1":{"loc":{"start":{"line":97,"column":26},"end":{"line":97,"column":89}},"type":"binary-expr","locations":[{"start":{"line":97,"column":26},"end":{"line":97,"column":61}},{"start":{"line":97,"column":65},"end":{"line":97,"column":89}}],"line":97},"2":{"loc":{"start":{"line":113,"column":4},"end":{"line":113,"column":null}},"type":"if","locations":[{"start":{"line":113,"column":4},"end":{"line":113,"column":null}},{"start":{},"end":{}}],"line":113},"3":{"loc":{"start":{"line":117,"column":4},"end":{"line":117,"column":null}},"type":"if","locations":[{"start":{"line":117,"column":4},"end":{"line":117,"column":null}},{"start":{},"end":{}}],"line":117},"4":{"loc":{"start":{"line":127,"column":4},"end":{"line":127,"column":null}},"type":"if","locations":[{"start":{"line":127,"column":4},"end":{"line":127,"column":null}},{"start":{},"end":{}}],"line":127},"5":{"loc":{"start":{"line":138,"column":4},"end":{"line":138,"column":null}},"type":"if","locations":[{"start":{"line":138,"column":4},"end":{"line":138,"column":null}},{"start":{},"end":{}}],"line":138},"6":{"loc":{"start":{"line":169,"column":4},"end":{"line":171,"column":null}},"type":"if","locations":[{"start":{"line":169,"column":4},"end":{"line":171,"column":null}},{"start":{},"end":{}}],"line":169},"7":{"loc":{"start":{"line":170,"column":34},"end":{"line":170,"column":78}},"type":"cond-expr","locations":[{"start":{"line":170,"column":67},"end":{"line":170,"column":69}},{"start":{"line":170,"column":72},"end":{"line":170,"column":78}}],"line":170},"8":{"loc":{"start":{"line":180,"column":4},"end":{"line":180,"column":null}},"type":"if","locations":[{"start":{"line":180,"column":4},"end":{"line":180,"column":null}},{"start":{},"end":{}}],"line":180},"9":{"loc":{"start":{"line":181,"column":4},"end":{"line":181,"column":null}},"type":"if","locations":[{"start":{"line":181,"column":4},"end":{"line":181,"column":null}},{"start":{},"end":{}}],"line":181},"10":{"loc":{"start":{"line":190,"column":4},"end":{"line":190,"column":null}},"type":"if","locations":[{"start":{"line":190,"column":4},"end":{"line":190,"column":null}},{"start":{},"end":{}}],"line":190},"11":{"loc":{"start":{"line":191,"column":4},"end":{"line":191,"column":null}},"type":"if","locations":[{"start":{"line":191,"column":4},"end":{"line":191,"column":null}},{"start":{},"end":{}}],"line":191},"12":{"loc":{"start":{"line":200,"column":4},"end":{"line":200,"column":null}},"type":"if","locations":[{"start":{"line":200,"column":4},"end":{"line":200,"column":null}},{"start":{},"end":{}}],"line":200},"13":{"loc":{"start":{"line":201,"column":4},"end":{"line":201,"column":null}},"type":"if","locations":[{"start":{"line":201,"column":4},"end":{"line":201,"column":null}},{"start":{},"end":{}}],"line":201},"14":{"loc":{"start":{"line":217,"column":4},"end":{"line":217,"column":null}},"type":"if","locations":[{"start":{"line":217,"column":4},"end":{"line":217,"column":null}},{"start":{},"end":{}}],"line":217},"15":{"loc":{"start":{"line":230,"column":4},"end":{"line":230,"column":null}},"type":"if","locations":[{"start":{"line":230,"column":4},"end":{"line":230,"column":null}},{"start":{},"end":{}}],"line":230},"16":{"loc":{"start":{"line":231,"column":4},"end":{"line":231,"column":null}},"type":"if","locations":[{"start":{"line":231,"column":4},"end":{"line":231,"column":null}},{"start":{},"end":{}}],"line":231},"17":{"loc":{"start":{"line":232,"column":4},"end":{"line":232,"column":null}},"type":"if","locations":[{"start":{"line":232,"column":4},"end":{"line":232,"column":null}},{"start":{},"end":{}}],"line":232},"18":{"loc":{"start":{"line":240,"column":4},"end":{"line":240,"column":null}},"type":"if","locations":[{"start":{"line":240,"column":4},"end":{"line":240,"column":null}},{"start":{},"end":{}}],"line":240},"19":{"loc":{"start":{"line":254,"column":4},"end":{"line":256,"column":null}},"type":"if","locations":[{"start":{"line":254,"column":4},"end":{"line":256,"column":null}},{"start":{},"end":{}}],"line":254},"20":{"loc":{"start":{"line":288,"column":24},"end":{"line":288,"column":38}},"type":"default-arg","locations":[{"start":{"line":288,"column":31},"end":{"line":288,"column":38}}],"line":288},"21":{"loc":{"start":{"line":288,"column":40},"end":{"line":288,"column":61}},"type":"default-arg","locations":[{"start":{"line":288,"column":56},"end":{"line":288,"column":61}}],"line":288},"22":{"loc":{"start":{"line":362,"column":8},"end":{"line":389,"column":null}},"type":"if","locations":[{"start":{"line":362,"column":8},"end":{"line":389,"column":null}},{"start":{"line":366,"column":15},"end":{"line":389,"column":null}}],"line":362},"23":{"loc":{"start":{"line":366,"column":15},"end":{"line":389,"column":null}},"type":"if","locations":[{"start":{"line":366,"column":15},"end":{"line":389,"column":null}},{"start":{"line":370,"column":15},"end":{"line":389,"column":null}}],"line":366},"24":{"loc":{"start":{"line":370,"column":15},"end":{"line":389,"column":null}},"type":"if","locations":[{"start":{"line":370,"column":15},"end":{"line":389,"column":null}},{"start":{"line":386,"column":15},"end":{"line":389,"column":null}}],"line":370},"25":{"loc":{"start":{"line":372,"column":12},"end":{"line":384,"column":null}},"type":"if","locations":[{"start":{"line":372,"column":12},"end":{"line":384,"column":null}},{"start":{"line":377,"column":19},"end":{"line":384,"column":null}}],"line":372},"26":{"loc":{"start":{"line":372,"column":16},"end":{"line":372,"column":64}},"type":"binary-expr","locations":[{"start":{"line":372,"column":16},"end":{"line":372,"column":37}},{"start":{"line":372,"column":41},"end":{"line":372,"column":64}}],"line":372},"27":{"loc":{"start":{"line":377,"column":19},"end":{"line":384,"column":null}},"type":"if","locations":[{"start":{"line":377,"column":19},"end":{"line":384,"column":null}},{"start":{},"end":{}}],"line":377},"28":{"loc":{"start":{"line":379,"column":16},"end":{"line":383,"column":null}},"type":"if","locations":[{"start":{"line":379,"column":16},"end":{"line":383,"column":null}},{"start":{"line":381,"column":23},"end":{"line":383,"column":null}}],"line":379},"29":{"loc":{"start":{"line":381,"column":23},"end":{"line":383,"column":null}},"type":"if","locations":[{"start":{"line":381,"column":23},"end":{"line":383,"column":null}},{"start":{},"end":{}}],"line":381},"30":{"loc":{"start":{"line":386,"column":15},"end":{"line":389,"column":null}},"type":"if","locations":[{"start":{"line":386,"column":15},"end":{"line":389,"column":null}},{"start":{},"end":{}}],"line":386},"31":{"loc":{"start":{"line":401,"column":8},"end":{"line":405,"column":null}},"type":"if","locations":[{"start":{"line":401,"column":8},"end":{"line":405,"column":null}},{"start":{"line":403,"column":15},"end":{"line":405,"column":null}}],"line":401},"32":{"loc":{"start":{"line":403,"column":15},"end":{"line":405,"column":null}},"type":"if","locations":[{"start":{"line":403,"column":15},"end":{"line":405,"column":null}},{"start":{},"end":{}}],"line":403},"33":{"loc":{"start":{"line":427,"column":8},"end":{"line":454,"column":null}},"type":"if","locations":[{"start":{"line":427,"column":8},"end":{"line":454,"column":null}},{"start":{"line":431,"column":15},"end":{"line":454,"column":null}}],"line":427},"34":{"loc":{"start":{"line":431,"column":15},"end":{"line":454,"column":null}},"type":"if","locations":[{"start":{"line":431,"column":15},"end":{"line":454,"column":null}},{"start":{"line":435,"column":15},"end":{"line":454,"column":null}}],"line":431},"35":{"loc":{"start":{"line":435,"column":15},"end":{"line":454,"column":null}},"type":"if","locations":[{"start":{"line":435,"column":15},"end":{"line":454,"column":null}},{"start":{"line":451,"column":15},"end":{"line":454,"column":null}}],"line":435},"36":{"loc":{"start":{"line":437,"column":12},"end":{"line":449,"column":null}},"type":"if","locations":[{"start":{"line":437,"column":12},"end":{"line":449,"column":null}},{"start":{"line":442,"column":19},"end":{"line":449,"column":null}}],"line":437},"37":{"loc":{"start":{"line":437,"column":16},"end":{"line":437,"column":58}},"type":"binary-expr","locations":[{"start":{"line":437,"column":16},"end":{"line":437,"column":34}},{"start":{"line":437,"column":38},"end":{"line":437,"column":58}}],"line":437},"38":{"loc":{"start":{"line":442,"column":19},"end":{"line":449,"column":null}},"type":"if","locations":[{"start":{"line":442,"column":19},"end":{"line":449,"column":null}},{"start":{},"end":{}}],"line":442},"39":{"loc":{"start":{"line":444,"column":16},"end":{"line":448,"column":null}},"type":"if","locations":[{"start":{"line":444,"column":16},"end":{"line":448,"column":null}},{"start":{"line":446,"column":23},"end":{"line":448,"column":null}}],"line":444},"40":{"loc":{"start":{"line":446,"column":23},"end":{"line":448,"column":null}},"type":"if","locations":[{"start":{"line":446,"column":23},"end":{"line":448,"column":null}},{"start":{},"end":{}}],"line":446},"41":{"loc":{"start":{"line":451,"column":15},"end":{"line":454,"column":null}},"type":"if","locations":[{"start":{"line":451,"column":15},"end":{"line":454,"column":null}},{"start":{},"end":{}}],"line":451},"42":{"loc":{"start":{"line":466,"column":8},"end":{"line":470,"column":null}},"type":"if","locations":[{"start":{"line":466,"column":8},"end":{"line":470,"column":null}},{"start":{"line":468,"column":15},"end":{"line":470,"column":null}}],"line":466},"43":{"loc":{"start":{"line":468,"column":15},"end":{"line":470,"column":null}},"type":"if","locations":[{"start":{"line":468,"column":15},"end":{"line":470,"column":null}},{"start":{},"end":{}}],"line":468},"44":{"loc":{"start":{"line":475,"column":8},"end":{"line":478,"column":null}},"type":"if","locations":[{"start":{"line":475,"column":8},"end":{"line":478,"column":null}},{"start":{},"end":{}}],"line":475},"45":{"loc":{"start":{"line":475,"column":12},"end":{"line":475,"column":83}},"type":"binary-expr","locations":[{"start":{"line":475,"column":12},"end":{"line":475,"column":44}},{"start":{"line":475,"column":48},"end":{"line":475,"column":83}}],"line":475},"46":{"loc":{"start":{"line":494,"column":8},"end":{"line":496,"column":null}},"type":"if","locations":[{"start":{"line":494,"column":8},"end":{"line":496,"column":null}},{"start":{},"end":{}}],"line":494},"47":{"loc":{"start":{"line":525,"column":8},"end":{"line":537,"column":null}},"type":"if","locations":[{"start":{"line":525,"column":8},"end":{"line":537,"column":null}},{"start":{"line":529,"column":15},"end":{"line":537,"column":null}}],"line":525},"48":{"loc":{"start":{"line":529,"column":15},"end":{"line":537,"column":null}},"type":"if","locations":[{"start":{"line":529,"column":15},"end":{"line":537,"column":null}},{"start":{"line":533,"column":15},"end":{"line":537,"column":null}}],"line":529},"49":{"loc":{"start":{"line":541,"column":8},"end":{"line":547,"column":null}},"type":"if","locations":[{"start":{"line":541,"column":8},"end":{"line":547,"column":null}},{"start":{"line":544,"column":15},"end":{"line":547,"column":null}}],"line":541},"50":{"loc":{"start":{"line":555,"column":8},"end":{"line":557,"column":null}},"type":"if","locations":[{"start":{"line":555,"column":8},"end":{"line":557,"column":null}},{"start":{},"end":{}}],"line":555},"51":{"loc":{"start":{"line":569,"column":8},"end":{"line":572,"column":null}},"type":"if","locations":[{"start":{"line":569,"column":8},"end":{"line":572,"column":null}},{"start":{},"end":{}}],"line":569},"52":{"loc":{"start":{"line":583,"column":8},"end":{"line":585,"column":null}},"type":"if","locations":[{"start":{"line":583,"column":8},"end":{"line":585,"column":null}},{"start":{},"end":{}}],"line":583},"53":{"loc":{"start":{"line":601,"column":8},"end":{"line":603,"column":null}},"type":"if","locations":[{"start":{"line":601,"column":8},"end":{"line":603,"column":null}},{"start":{},"end":{}}],"line":601},"54":{"loc":{"start":{"line":620,"column":8},"end":{"line":620,"column":null}},"type":"if","locations":[{"start":{"line":620,"column":8},"end":{"line":620,"column":null}},{"start":{},"end":{}}],"line":620},"55":{"loc":{"start":{"line":630,"column":8},"end":{"line":630,"column":null}},"type":"if","locations":[{"start":{"line":630,"column":8},"end":{"line":630,"column":null}},{"start":{},"end":{}}],"line":630},"56":{"loc":{"start":{"line":649,"column":8},"end":{"line":649,"column":null}},"type":"if","locations":[{"start":{"line":649,"column":8},"end":{"line":649,"column":null}},{"start":{},"end":{}}],"line":649},"57":{"loc":{"start":{"line":671,"column":8},"end":{"line":671,"column":null}},"type":"if","locations":[{"start":{"line":671,"column":8},"end":{"line":671,"column":null}},{"start":{},"end":{}}],"line":671},"58":{"loc":{"start":{"line":673,"column":8},"end":{"line":696,"column":null}},"type":"switch","locations":[{"start":{"line":674,"column":12},"end":{"line":677,"column":null}},{"start":{"line":678,"column":12},"end":{"line":681,"column":null}},{"start":{"line":682,"column":12},"end":{"line":685,"column":null}},{"start":{"line":686,"column":12},"end":{"line":689,"column":null}},{"start":{"line":690,"column":12},"end":{"line":695,"column":null}}],"line":673}},"s":{"0":0,"1":0,"2":0,"3":0,"4":0,"5":0,"6":0,"7":0,"8":0,"9":0,"10":0,"11":0,"12":0,"13":0,"14":0,"15":0,"16":0,"17":0,"18":0,"19":0,"20":0,"21":0,"22":0,"23":0,"24":0,"25":0,"26":0,"27":0,"28":0,"29":0,"30":0,"31":0,"32":0,"33":0,"34":0,"35":0,"36":0,"37":0,"38":0,"39":0,"40":0,"41":0,"42":0,"43":0,"44":0,"45":0,"46":0,"47":0,"48":0,"49":0,"50":0,"51":0,"52":0,"53":0,"54":0,"55":0,"56":0,"57":0,"58":0,"59":0,"60":0,"61":0,"62":0,"63":0,"64":0,"65":0,"66":0,"67":0,"68":0,"69":0,"70":0,"71":0,"72":0,"73":0,"74":0,"75":0,"76":0,"77":0,"78":0,"79":0,"80":0,"81":0,"82":0,"83":0,"84":0,"85":0,"86":0,"87":0,"88":0,"89":0,"90":0,"91":0,"92":0,"93":0,"94":0,"95":0,"96":0,"97":0,"98":0,"99":0,"100":0,"101":0,"102":0,"103":0,"104":0,"105":0,"106":0,"107":0,"108":0,"109":0,"110":0,"111":0,"112":0,"113":0,"114":0,"115":0,"116":0,"117":0,"118":0,"119":0,"120":0,"121":0,"122":0,"123":0,"124":0,"125":0,"126":0,"127":0,"128":0,"129":0,"130":0,"131":0,"132":0,"133":0,"134":0,"135":0,"136":0,"137":0,"138":0,"139":0,"140":0,"141":0,"142":0,"143":0,"144":0,"145":0,"146":0,"147":0,"148":0,"149":0,"150":0,"151":0,"152":0,"153":0,"154":0,"155":0,"156":0,"157":0,"158":0,"159":0,"160":0,"161":0,"162":0,"163":0,"164":0,"165":0,"166":0,"167":0,"168":0,"169":0,"170":0,"171":0,"172":0,"173":0,"174":0,"175":0,"176":0,"177":0,"178":0,"179":0,"180":0,"181":0,"182":0,"183":0,"184":0,"185":0,"186":0,"187":0,"188":0,"189":0,"190":0,"191":0,"192":0,"193":0,"194":0,"195":0,"196":0,"197":0,"198":0,"199":0,"200":0,"201":0,"202":0,"203":0,"204":0,"205":0,"206":0,"207":0,"208":0,"209":0,"210":0,"211":0,"212":0,"213":0,"214":0,"215":0,"216":0,"217":0,"218":0,"219":0,"220":0,"221":0,"222":0,"223":0,"224":0,"225":0,"226":0,"227":0,"228":0,"229":0,"230":0,"231":0,"232":0,"233":0,"234":0,"235":0,"236":0,"237":0,"238":0,"239":0,"240":0,"241":0,"242":0,"243":0,"244":0,"245":0,"246":0,"247":0,"248":0,"249":0,"250":0,"251":0,"252":0,"253":0,"254":0,"255":0,"256":0,"257":0,"258":0,"259":0,"260":0,"261":0,"262":0,"263":0,"264":0,"265":0,"266":0,"267":0,"268":0,"269":0,"270":0,"271":0,"272":0,"273":0,"274":0,"275":0,"276":0,"277":0,"278":0,"279":0,"280":0,"281":0,"282":0,"283":0,"284":0,"285":0,"286":0,"287":0,"288":0,"289":0,"290":0,"291":0,"292":0,"293":0,"294":0,"295":0,"296":0,"297":0,"298":0,"299":0,"300":0,"301":0,"302":0,"303":0,"304":0,"305":0,"306":0,"307":0,"308":0,"309":0,"310":0,"311":0,"312":0,"313":0,"314":0,"315":0,"316":0,"317":0,"318":0,"319":0,"320":0,"321":0,"322":0,"323":0,"324":0,"325":0,"326":0,"327":0,"328":0,"329":0,"330":0,"331":0,"332":0},"f":{"0":0,"1":0,"2":0,"3":0,"4":0,"5":0,"6":0,"7":0,"8":0,"9":0,"10":0,"11":0,"12":0,"13":0,"14":0,"15":0,"16":0,"17":0,"18":0,"19":0,"20":0,"21":0,"22":0,"23":0,"24":0,"25":0,"26":0,"27":0,"28":0,"29":0,"30":0,"31":0,"32":0,"33":0,"34":0,"35":0,"36":0,"37":0,"38":0,"39":0,"40":0,"41":0,"42":0,"43":0,"44":0,"45":0,"46":0,"47":0,"48":0,"49":0,"50":0,"51":0,"52":0,"53":0,"54":0,"55":0,"56":0,"57":0,"58":0,"59":0,"60":0,"61":0,"62":0,"63":0,"64":0},"b":{"0":[0,0],"1":[0,0],"2":[0,0],"3":[0,0],"4":[0,0],"5":[0,0],"6":[0,0],"7":[0,0],"8":[0,0],"9":[0,0],"10":[0,0],"11":[0,0],"12":[0,0],"13":[0,0],"14":[0,0],"15":[0,0],"16":[0,0],"17":[0,0],"18":[0,0],"19":[0,0],"20":[0],"21":[0],"22":[0,0],"23":[0,0],"24":[0,0],"25":[0,0],"26":[0,0],"27":[0,0],"28":[0,0],"29":[0,0],"30":[0,0],"31":[0,0],"32":[0,0],"33":[0,0],"34":[0,0],"35":[0,0],"36":[0,0],"37":[0,0],"38":[0,0],"39":[0,0],"40":[0,0],"41":[0,0],"42":[0,0],"43":[0,0],"44":[0,0],"45":[0,0],"46":[0,0],"47":[0,0],"48":[0,0],"49":[0,0],"50":[0,0],"51":[0,0],"52":[0,0],"53":[0,0],"54":[0,0],"55":[0,0],"56":[0,0],"57":[0,0],"58":[0,0,0,0,0]},"meta":{"lastBranch":59,"lastFunction":65,"lastStatement":333,"seen":{"s:34:16:34:43":0,"f:34:16:34:17":0,"s:34:22:34:43":1,"s:35:20:35:51":2,"f:35:20:35:21":1,"s:35:26:35:51":3,"s:36:17:36:50":4,"f:36:17:36:18":2,"s:36:23:36:50":5,"f:80:9:80:20":3,"s:81:3:81:Infinity":6,"f:87:9:87:32":4,"s:88:20:88:68":7,"b:89:4:89:Infinity:undefined:undefined:undefined:undefined":0,"s:89:4:89:Infinity":8,"s:89:18:89:Infinity":9,"s:91:22:95:5":10,"s:97:4:97:Infinity":11,"b:97:26:97:61:97:65:97:89":1,"f:103:9:103:24":5,"f:111:9:111:21":6,"s:112:28:112:71":12,"b:113:4:113:Infinity:undefined:undefined:undefined:undefined":2,"s:113:4:113:Infinity":13,"s:113:26:113:Infinity":14,"s:116:28:116:71":15,"b:117:4:117:Infinity:undefined:undefined:undefined:undefined":3,"s:117:4:117:Infinity":16,"s:117:25:117:Infinity":17,"s:119:4:119:Infinity":18,"f:125:9:125:21":7,"s:126:28:126:71":19,"b:127:4:127:Infinity:undefined:undefined:undefined:undefined":4,"s:127:4:127:Infinity":20,"s:127:26:127:Infinity":21,"s:129:4:129:Infinity":22,"s:130:4:130:Infinity":23,"f:136:9:136:33":8,"s:137:25:137:65":24,"b:138:4:138:Infinity:undefined:undefined:undefined:undefined":5,"s:138:4:138:Infinity":25,"s:138:23:138:Infinity":26,"s:141:4:144:Infinity":27,"f:141:70:141:71":9,"s:142:8:142:Infinity":28,"s:143:8:143:Infinity":29,"s:147:4:150:Infinity":30,"f:147:73:147:74":10,"s:148:8:148:Infinity":31,"s:149:8:149:Infinity":32,"s:153:4:156:Infinity":33,"f:153:71:153:72":11,"s:154:8:154:Infinity":34,"s:155:8:155:Infinity":35,"s:159:4:159:Infinity":36,"s:160:4:160:Infinity":37,"f:166:9:166:32":12,"s:168:22:168:59":38,"b:169:4:171:Infinity:undefined:undefined:undefined:undefined":6,"s:169:4:171:Infinity":39,"s:170:8:170:Infinity":40,"b:170:67:170:69:170:72:170:78":7,"f:177:9:177:19":13,"s:178:18:178:57":41,"s:179:21:179:64":42,"b:180:4:180:Infinity:undefined:undefined:undefined:undefined":8,"s:180:4:180:Infinity":43,"s:180:15:180:Infinity":44,"b:181:4:181:Infinity:undefined:undefined:undefined:undefined":9,"s:181:4:181:Infinity":45,"s:181:18:181:Infinity":46,"f:187:9:187:21":14,"s:188:18:188:57":47,"s:189:21:189:64":48,"b:190:4:190:Infinity:undefined:undefined:undefined:undefined":10,"s:190:4:190:Infinity":49,"s:190:15:190:Infinity":50,"b:191:4:191:Infinity:undefined:undefined:undefined:undefined":11,"s:191:4:191:Infinity":51,"s:191:18:191:Infinity":52,"f:197:9:197:20":15,"s:198:18:198:57":53,"s:199:21:199:64":54,"b:200:4:200:Infinity:undefined:undefined:undefined:undefined":12,"s:200:4:200:Infinity":55,"s:200:15:200:Infinity":56,"b:201:4:201:Infinity:undefined:undefined:undefined:undefined":13,"s:201:4:201:Infinity":57,"s:201:18:201:Infinity":58,"f:207:9:207:23":16,"f:215:9:215:16":17,"s:216:17:216:54":59,"b:217:4:217:Infinity:undefined:undefined:undefined:undefined":14,"s:217:4:217:Infinity":60,"s:217:14:217:Infinity":61,"s:219:3:219:Infinity":62,"s:220:3:220:Infinity":63,"s:221:4:221:Infinity":64,"s:222:4:222:Infinity":65,"s:223:4:223:Infinity":66,"s:224:3:224:Infinity":67,"s:225:3:225:Infinity":68,"s:227:24:227:63":69,"s:228:24:228:63":70,"s:229:25:229:65":71,"b:230:4:230:Infinity:undefined:undefined:undefined:undefined":15,"s:230:4:230:Infinity":72,"s:230:21:230:Infinity":73,"b:231:4:231:Infinity:undefined:undefined:undefined:undefined":16,"s:231:4:231:Infinity":74,"s:231:21:231:Infinity":75,"b:232:4:232:Infinity:undefined:undefined:undefined:undefined":17,"s:232:4:232:Infinity":76,"s:232:22:232:Infinity":77,"f:238:9:238:22":18,"s:239:17:239:54":78,"b:240:4:240:Infinity:undefined:undefined:undefined:undefined":18,"s:240:4:240:Infinity":79,"s:240:14:240:Infinity":80,"s:242:3:242:Infinity":81,"s:244:4:247:Infinity":82,"f:244:30:244:31":19,"s:245:7:245:Infinity":83,"s:246:7:246:Infinity":84,"s:249:3:249:Infinity":85,"s:250:3:250:Infinity":86,"s:251:3:251:Infinity":87,"s:252:3:252:Infinity":88,"b:254:4:256:Infinity:undefined:undefined:undefined:undefined":19,"s:254:4:256:Infinity":89,"s:255:8:255:Infinity":90,"f:262:9:262:20":20,"s:263:4:282:Infinity":91,"f:265:27:265:28":21,"s:265:45:265:114":92,"f:266:28:266:29":22,"s:266:33:266:88":93,"f:270:30:270:31":23,"s:270:35:274:10":94,"f:275:22:275:23":24,"s:275:27:275:56":95,"f:278:26:278:27":25,"s:279:11:279:Infinity":96,"s:280:11:280:Infinity":97,"f:288:9:288:23":26,"b:288:31:288:38":20,"b:288:56:288:61":21,"s:289:4:295:Infinity":98,"f:291:22:291:23":27,"s:291:27:291:56":99,"f:301:9:301:29":28,"s:302:3:307:Infinity":100,"f:304:24:304:25":29,"s:304:29:304:54":101,"s:310:3:310:Infinity":102,"f:316:9:316:29":30,"s:317:3:317:Infinity":103,"s:320:3:320:Infinity":104,"s:327:0:701:Infinity":105,"f:327:46:327:47":31,"s:329:3:329:Infinity":106,"s:332:3:332:Infinity":107,"f:332:30:332:31":32,"s:332:35:332:71":108,"s:335:4:335:Infinity":109,"s:338:3:341:Infinity":110,"f:338:12:338:13":33,"s:339:8:339:Infinity":111,"s:340:7:340:Infinity":112,"s:347:21:347:64":113,"s:348:25:348:66":114,"s:349:32:349:80":115,"s:351:27:351:29":116,"s:353:4:357:Infinity":117,"f:353:39:353:40":34,"s:354:23:354:62":118,"s:355:7:355:Infinity":119,"s:356:7:356:Infinity":120,"s:359:4:390:Infinity":121,"f:359:41:359:42":35,"s:360:22:360:80":122,"b:362:8:389:Infinity:366:15:389:Infinity":22,"s:362:8:389:Infinity":123,"s:363:12:363:Infinity":124,"s:364:12:364:Infinity":125,"s:365:12:365:Infinity":126,"b:366:15:389:Infinity:370:15:389:Infinity":23,"s:366:15:389:Infinity":127,"s:367:12:367:Infinity":128,"s:368:12:368:Infinity":129,"s:369:12:369:Infinity":130,"b:370:15:389:Infinity:386:15:389:Infinity":24,"s:370:15:389:Infinity":131,"s:371:12:371:Infinity":132,"b:372:12:384:Infinity:377:19:384:Infinity":25,"s:372:12:384:Infinity":133,"b:372:16:372:37:372:41:372:64":26,"s:373:31:373:66":134,"s:374:16:374:Infinity":135,"s:375:15:375:Infinity":136,"s:376:16:376:Infinity":137,"b:377:19:384:Infinity:undefined:undefined:undefined:undefined":27,"s:377:19:384:Infinity":138,"s:378:31:378:70":139,"b:379:16:383:Infinity:381:23:383:Infinity":28,"s:379:16:383:Infinity":140,"s:380:20:380:Infinity":141,"b:381:23:383:Infinity:undefined:undefined:undefined:undefined":29,"s:381:23:383:Infinity":142,"s:382:20:382:Infinity":143,"s:385:12:385:Infinity":144,"b:386:15:389:Infinity:undefined:undefined:undefined:undefined":30,"s:386:15:389:Infinity":145,"s:387:11:387:Infinity":146,"s:388:12:388:Infinity":147,"f:392:13:392:31":36,"s:393:8:395:Infinity":148,"f:393:22:393:23":37,"s:394:12:394:Infinity":149,"s:398:4:406:Infinity":150,"f:398:43:398:44":38,"s:399:22:399:43":151,"s:400:23:400:53":152,"b:401:8:405:Infinity:403:15:405:Infinity":31,"s:401:8:405:Infinity":153,"s:402:12:402:Infinity":154,"b:403:15:405:Infinity:undefined:undefined:undefined:undefined":32,"s:403:15:405:Infinity":155,"s:404:12:404:Infinity":156,"s:412:18:412:57":157,"s:413:22:413:59":158,"s:414:29:414:73":159,"s:416:24:416:26":160,"s:418:4:422:Infinity":161,"f:418:36:418:37":39,"s:419:23:419:62":162,"s:420:7:420:Infinity":163,"s:421:7:421:Infinity":164,"s:424:4:455:Infinity":165,"f:424:38:424:39":40,"s:425:22:425:77":166,"b:427:8:454:Infinity:431:15:454:Infinity":33,"s:427:8:454:Infinity":167,"s:428:12:428:Infinity":168,"s:429:12:429:Infinity":169,"s:430:12:430:Infinity":170,"b:431:15:454:Infinity:435:15:454:Infinity":34,"s:431:15:454:Infinity":171,"s:432:12:432:Infinity":172,"s:433:12:433:Infinity":173,"s:434:12:434:Infinity":174,"b:435:15:454:Infinity:451:15:454:Infinity":35,"s:435:15:454:Infinity":175,"s:436:12:436:Infinity":176,"b:437:12:449:Infinity:442:19:449:Infinity":36,"s:437:12:449:Infinity":177,"b:437:16:437:34:437:38:437:58":37,"s:438:31:438:63":178,"s:439:16:439:Infinity":179,"s:440:15:440:Infinity":180,"s:441:16:441:Infinity":181,"b:442:19:449:Infinity:undefined:undefined:undefined:undefined":38,"s:442:19:449:Infinity":182,"s:443:31:443:67":183,"b:444:16:448:Infinity:446:23:448:Infinity":39,"s:444:16:448:Infinity":184,"s:445:20:445:Infinity":185,"b:446:23:448:Infinity:undefined:undefined:undefined:undefined":40,"s:446:23:448:Infinity":186,"s:447:20:447:Infinity":187,"s:450:12:450:Infinity":188,"b:451:15:454:Infinity:undefined:undefined:undefined:undefined":41,"s:451:15:454:Infinity":189,"s:452:11:452:Infinity":190,"s:453:12:453:Infinity":191,"f:457:13:457:28":41,"s:458:8:460:Infinity":192,"f:458:22:458:23":42,"s:459:12:459:Infinity":193,"s:463:4:471:Infinity":194,"f:463:40:463:41":43,"s:464:22:464:40":195,"s:465:23:465:53":196,"b:466:8:470:Infinity:468:15:470:Infinity":42,"s:466:8:470:Infinity":197,"s:467:12:467:Infinity":198,"b:468:15:470:Infinity:undefined:undefined:undefined:undefined":43,"s:468:15:470:Infinity":199,"s:469:12:469:Infinity":200,"s:474:4:479:Infinity":201,"f:474:39:474:40":44,"b:475:8:478:Infinity:undefined:undefined:undefined:undefined":44,"s:475:8:478:Infinity":202,"b:475:12:475:44:475:48:475:83":45,"s:476:11:476:Infinity":203,"s:477:11:477:Infinity":204,"s:485:25:485:65":205,"s:487:4:491:Infinity":206,"f:487:75:487:76":45,"s:488:8:488:Infinity":207,"s:489:8:489:Infinity":208,"s:490:8:490:Infinity":209,"s:493:4:497:Infinity":210,"f:493:39:493:40":46,"b:494:8:496:Infinity:undefined:undefined:undefined:undefined":46,"s:494:8:496:Infinity":211,"s:495:12:495:Infinity":212,"s:499:4:504:Infinity":213,"f:499:71:499:72":47,"s:500:8:500:Infinity":214,"s:501:8:501:Infinity":215,"s:502:8:502:Infinity":216,"s:503:7:503:Infinity":217,"s:506:4:509:Infinity":218,"f:506:68:506:69":48,"s:507:8:507:Infinity":219,"s:508:7:508:Infinity":220,"s:511:4:514:Infinity":221,"f:511:67:511:68":49,"s:512:8:512:Infinity":222,"s:513:7:513:Infinity":223,"s:516:4:518:Infinity":224,"f:516:74:516:75":50,"s:517:7:517:Infinity":225,"f:517:36:517:37":51,"s:517:41:517:77":226,"s:524:4:538:Infinity":227,"f:524:70:524:71":52,"b:525:8:537:Infinity:529:15:537:Infinity":47,"s:525:8:537:Infinity":228,"s:526:12:526:Infinity":229,"s:527:12:527:Infinity":230,"s:528:12:528:Infinity":231,"b:529:15:537:Infinity:533:15:537:Infinity":48,"s:529:15:537:Infinity":232,"s:530:12:530:Infinity":233,"s:531:12:531:Infinity":234,"s:532:12:532:Infinity":235,"s:534:12:534:Infinity":236,"s:535:12:535:Infinity":237,"s:536:12:536:Infinity":238,"s:540:4:548:Infinity":239,"f:540:68:540:69":53,"b:541:8:547:Infinity:544:15:547:Infinity":49,"s:541:8:547:Infinity":240,"s:542:12:542:Infinity":241,"s:543:12:543:Infinity":242,"s:545:12:545:Infinity":243,"s:546:12:546:Infinity":244,"s:554:4:558:Infinity":245,"f:554:67:554:68":54,"b:555:8:557:Infinity:undefined:undefined:undefined:undefined":50,"s:555:8:557:Infinity":246,"s:556:11:556:Infinity":247,"s:560:4:560:Infinity":248,"s:562:4:566:Infinity":249,"f:562:72:562:73":55,"s:563:7:563:Infinity":250,"s:564:8:564:Infinity":251,"s:565:7:565:Infinity":252,"s:568:4:573:Infinity":253,"f:568:71:568:72":56,"b:569:8:572:Infinity:undefined:undefined:undefined:undefined":51,"s:569:8:572:Infinity":254,"s:570:11:570:Infinity":255,"s:571:12:571:Infinity":256,"s:579:4:579:Infinity":257,"s:580:4:580:Infinity":258,"s:581:4:581:Infinity":259,"s:582:4:586:Infinity":260,"f:582:70:582:71":57,"b:583:8:585:Infinity:undefined:undefined:undefined:undefined":52,"s:583:8:585:Infinity":261,"s:584:11:584:Infinity":262,"s:592:24:592:63":263,"s:593:29:593:73":264,"s:595:4:598:Infinity":265,"f:595:42:595:43":58,"s:596:8:596:Infinity":266,"s:597:8:597:Infinity":267,"s:600:4:604:Infinity":268,"f:600:39:600:40":59,"b:601:8:603:Infinity:undefined:undefined:undefined:undefined":53,"s:601:8:603:Infinity":269,"s:602:12:602:Infinity":270,"s:607:4:616:Infinity":271,"f:607:66:607:71":60,"s:608:8:615:Infinity":272,"f:608:41:608:42":61,"s:609:12:609:Infinity":273,"s:610:11:610:Infinity":274,"s:611:11:611:Infinity":275,"s:612:12:612:Infinity":276,"s:613:11:613:Infinity":277,"s:614:11:614:Infinity":278,"s:619:4:637:Infinity":279,"f:619:69:619:70":62,"b:620:8:620:Infinity:undefined:undefined:undefined:undefined":54,"s:620:8:620:Infinity":280,"s:620:41:620:Infinity":281,"s:622:29:622:55":282,"s:623:29:623:75":283,"s:624:26:624:66":284,"s:625:30:625:53":285,"s:627:8:627:Infinity":286,"s:629:22:629:70":287,"b:630:8:630:Infinity:undefined:undefined:undefined:undefined":55,"s:630:8:630:Infinity":288,"s:630:19:630:Infinity":289,"s:632:7:632:Infinity":290,"s:633:7:633:Infinity":291,"s:634:8:634:Infinity":292,"s:635:7:635:Infinity":293,"s:636:7:636:Infinity":294,"s:640:4:657:Infinity":295,"f:640:80:640:81":63,"s:641:29:641:55":296,"s:642:29:642:75":297,"s:643:26:643:66":298,"s:644:30:644:53":299,"s:646:8:646:Infinity":300,"s:648:22:648:70":301,"b:649:8:649:Infinity:undefined:undefined:undefined:undefined":56,"s:649:8:649:Infinity":302,"s:649:19:649:Infinity":303,"s:651:7:651:Infinity":304,"s:652:7:652:Infinity":305,"s:653:8:653:Infinity":306,"s:654:7:654:Infinity":307,"s:655:7:655:Infinity":308,"s:656:8:656:Infinity":309,"s:663:4:663:Infinity":310,"s:669:4:697:Infinity":311,"f:669:41:669:42":64,"b:671:8:671:Infinity:undefined:undefined:undefined:undefined":57,"s:671:8:671:Infinity":312,"s:671:42:671:Infinity":313,"b:674:12:677:Infinity:678:12:681:Infinity:682:12:685:Infinity:686:12:689:Infinity:690:12:695:Infinity":58,"s:673:8:696:Infinity":314,"s:675:16:675:Infinity":315,"s:676:15:676:Infinity":316,"s:677:16:677:Infinity":317,"s:679:16:679:Infinity":318,"s:680:16:680:Infinity":319,"s:681:16:681:Infinity":320,"s:683:16:683:Infinity":321,"s:684:16:684:Infinity":322,"s:685:16:685:Infinity":323,"s:687:16:687:Infinity":324,"s:688:15:688:Infinity":325,"s:689:16:689:Infinity":326,"s:691:15:691:Infinity":327,"s:692:15:692:Infinity":328,"s:693:16:693:Infinity":329,"s:694:16:694:Infinity":330,"s:695:16:695:Infinity":331,"s:700:4:700:Infinity":332}}}
,"C:\\Development\\Locle\\src\\data\\adjacency.js": {"path":"C:\\Development\\Locle\\src\\data\\adjacency.js","statementMap":{"0":{"start":{"line":6,"column":32},"end":{"line":39,"column":1}},"1":{"start":{"line":48,"column":4},"end":{"line":48,"column":null}},"2":{"start":{"line":48,"column":53},"end":{"line":48,"column":null}},"3":{"start":{"line":49,"column":22},"end":{"line":49,"column":47}},"4":{"start":{"line":50,"column":4},"end":{"line":50,"column":null}}},"fnMap":{"0":{"name":"areAdjacent","decl":{"start":{"line":47,"column":16},"end":{"line":47,"column":27}},"loc":{"start":{"line":47,"column":46},"end":{"line":51,"column":null}},"line":47}},"branchMap":{"0":{"loc":{"start":{"line":48,"column":4},"end":{"line":48,"column":null}},"type":"if","locations":[{"start":{"line":48,"column":4},"end":{"line":48,"column":null}},{"start":{},"end":{}}],"line":48},"1":{"loc":{"start":{"line":48,"column":8},"end":{"line":48,"column":51}},"type":"binary-expr","locations":[{"start":{"line":48,"column":8},"end":{"line":48,"column":16}},{"start":{"line":48,"column":20},"end":{"line":48,"column":28}},{"start":{"line":48,"column":32},"end":{"line":48,"column":51}}],"line":48},"2":{"loc":{"start":{"line":50,"column":11},"end":{"line":50,"column":58}},"type":"cond-expr","locations":[{"start":{"line":50,"column":23},"end":{"line":50,"column":50}},{"start":{"line":50,"column":53},"end":{"line":50,"column":58}}],"line":50}},"s":{"0":2,"1":43,"2":12,"3":31,"4":31},"f":{"0":43},"b":{"0":[12,31],"1":[43,38,33],"2":[29,2]},"meta":{"lastBranch":3,"lastFunction":1,"lastStatement":5,"seen":{"s:6:32:39:1":0,"f:47:16:47:27":0,"b:48:4:48:Infinity:undefined:undefined:undefined:undefined":0,"s:48:4:48:Infinity":1,"b:48:8:48:16:48:20:48:28:48:32:48:51":1,"s:48:53:48:Infinity":2,"s:49:22:49:47":3,"s:50:4:50:Infinity":4,"b:50:23:50:50:50:53:50:58":2}}}
,"C:\\Development\\Locle\\src\\data\\counties.js": {"path":"C:\\Development\\Locle\\src\\data\\counties.js","statementMap":{"0":{"start":{"line":5,"column":24},"end":{"line":39,"column":1}},"1":{"start":{"line":41,"column":28},"end":{"line":41,"column":56}}},"fnMap":{},"branchMap":{},"s":{"0":3,"1":3},"f":{},"b":{},"meta":{"lastBranch":0,"lastFunction":0,"lastStatement":2,"seen":{"s:5:24:39:1":0,"s:41:28:41:56":1}}}
,"C:\\Development\\Locle\\src\\game\\gameLogic.js": {"path":"C:\\Development\\Locle\\src\\game\\gameLogic.js","statementMap":{"0":{"start":{"line":29,"column":8},"end":{"line":29,"column":17}},"1":{"start":{"line":32,"column":4},"end":{"line":32,"column":null}},"2":{"start":{"line":32,"column":24},"end":{"line":32,"column":null}},"3":{"start":{"line":34,"column":4},"end":{"line":79,"column":null}},"4":{"start":{"line":35,"column":28},"end":{"line":35,"column":45}},"5":{"start":{"line":36,"column":26},"end":{"line":36,"column":42}},"6":{"start":{"line":39,"column":26},"end":{"line":39,"column":43}},"7":{"start":{"line":40,"column":8},"end":{"line":71,"column":null}},"8":{"start":{"line":42,"column":12},"end":{"line":51,"column":null}},"9":{"start":{"line":53,"column":12},"end":{"line":53,"column":null}},"10":{"start":{"line":53,"column":31},"end":{"line":53,"column":null}},"11":{"start":{"line":55,"column":26},"end":{"line":55,"column":42}},"12":{"start":{"line":56,"column":12},"end":{"line":69,"column":null}},"13":{"start":{"line":58,"column":16},"end":{"line":68,"column":null}},"14":{"start":{"line":59,"column":20},"end":{"line":59,"column":null}},"15":{"start":{"line":61,"column":34},"end":{"line":61,"column":66}},"16":{"start":{"line":62,"column":37},"end":{"line":62,"column":76}},"17":{"start":{"line":63,"column":20},"end":{"line":67,"column":null}},"18":{"start":{"line":64,"column":24},"end":{"line":64,"column":null}},"19":{"start":{"line":65,"column":27},"end":{"line":67,"column":null}},"20":{"start":{"line":66,"column":24},"end":{"line":66,"column":null}},"21":{"start":{"line":70,"column":12},"end":{"line":70,"column":null}},"22":{"start":{"line":74,"column":8},"end":{"line":74,"column":null}},"23":{"start":{"line":77,"column":28},"end":{"line":77,"column":46}},"24":{"start":{"line":78,"column":8},"end":{"line":78,"column":null}},"25":{"start":{"line":81,"column":4},"end":{"line":81,"column":null}},"26":{"start":{"line":81,"column":17},"end":{"line":81,"column":null}},"27":{"start":{"line":82,"column":4},"end":{"line":82,"column":null}},"28":{"start":{"line":82,"column":25},"end":{"line":82,"column":null}},"29":{"start":{"line":84,"column":4},"end":{"line":84,"column":null}},"30":{"start":{"line":106,"column":8},"end":{"line":106,"column":17}},"31":{"start":{"line":109,"column":18},"end":{"line":109,"column":34}},"32":{"start":{"line":110,"column":22},"end":{"line":110,"column":32}},"33":{"start":{"line":113,"column":4},"end":{"line":113,"column":null}},"34":{"start":{"line":113,"column":40},"end":{"line":113,"column":null}},"35":{"start":{"line":114,"column":4},"end":{"line":114,"column":null}},"36":{"start":{"line":114,"column":36},"end":{"line":114,"column":59}},"37":{"start":{"line":114,"column":62},"end":{"line":114,"column":null}},"38":{"start":{"line":115,"column":4},"end":{"line":115,"column":null}},"39":{"start":{"line":115,"column":31},"end":{"line":115,"column":null}},"40":{"start":{"line":117,"column":19},"end":{"line":117,"column":51}},"41":{"start":{"line":118,"column":20},"end":{"line":118,"column":40}},"42":{"start":{"line":119,"column":22},"end":{"line":119,"column":59}},"43":{"start":{"line":120,"column":22},"end":{"line":120,"column":70}},"44":{"start":{"line":123,"column":21},"end":{"line":123,"column":94}},"45":{"start":{"line":124,"column":22},"end":{"line":124,"column":68}},"46":{"start":{"line":127,"column":18},"end":{"line":127,"column":100}},"47":{"start":{"line":129,"column":18},"end":{"line":136,"column":5}},"48":{"start":{"line":139,"column":4},"end":{"line":139,"column":null}},"49":{"start":{"line":142,"column":25},"end":{"line":142,"column":41}},"50":{"start":{"line":143,"column":27},"end":{"line":143,"column":52}},"51":{"start":{"line":146,"column":4},"end":{"line":146,"column":null}},"52":{"start":{"line":146,"column":25},"end":{"line":146,"column":null}},"53":{"start":{"line":147,"column":4},"end":{"line":147,"column":null}},"54":{"start":{"line":147,"column":27},"end":{"line":147,"column":null}},"55":{"start":{"line":148,"column":4},"end":{"line":148,"column":null}},"56":{"start":{"line":148,"column":28},"end":{"line":148,"column":null}},"57":{"start":{"line":149,"column":4},"end":{"line":149,"column":null}},"58":{"start":{"line":149,"column":24},"end":{"line":149,"column":null}},"59":{"start":{"line":150,"column":4},"end":{"line":150,"column":null}},"60":{"start":{"line":150,"column":25},"end":{"line":150,"column":null}},"61":{"start":{"line":151,"column":4},"end":{"line":151,"column":null}},"62":{"start":{"line":151,"column":32},"end":{"line":151,"column":null}},"63":{"start":{"line":154,"column":4},"end":{"line":196,"column":null}},"64":{"start":{"line":155,"column":8},"end":{"line":155,"column":null}},"65":{"start":{"line":157,"column":8},"end":{"line":172,"column":null}},"66":{"start":{"line":159,"column":12},"end":{"line":161,"column":null}},"67":{"start":{"line":160,"column":16},"end":{"line":160,"column":null}},"68":{"start":{"line":160,"column":33},"end":{"line":160,"column":55}},"69":{"start":{"line":163,"column":12},"end":{"line":163,"column":null}},"70":{"start":{"line":164,"column":11},"end":{"line":168,"column":null}},"71":{"start":{"line":169,"column":12},"end":{"line":171,"column":null}},"72":{"start":{"line":170,"column":16},"end":{"line":170,"column":null}},"73":{"start":{"line":170,"column":33},"end":{"line":170,"column":47}},"74":{"start":{"line":173,"column":11},"end":{"line":196,"column":null}},"75":{"start":{"line":174,"column":8},"end":{"line":174,"column":null}},"76":{"start":{"line":176,"column":8},"end":{"line":178,"column":null}},"77":{"start":{"line":177,"column":12},"end":{"line":177,"column":null}},"78":{"start":{"line":180,"column":8},"end":{"line":195,"column":null}},"79":{"start":{"line":182,"column":12},"end":{"line":184,"column":null}},"80":{"start":{"line":183,"column":16},"end":{"line":183,"column":null}},"81":{"start":{"line":183,"column":33},"end":{"line":183,"column":55}},"82":{"start":{"line":186,"column":12},"end":{"line":186,"column":null}},"83":{"start":{"line":187,"column":11},"end":{"line":191,"column":null}},"84":{"start":{"line":192,"column":12},"end":{"line":194,"column":null}},"85":{"start":{"line":193,"column":16},"end":{"line":193,"column":null}},"86":{"start":{"line":193,"column":33},"end":{"line":193,"column":47}},"87":{"start":{"line":198,"column":4},"end":{"line":204,"column":null}},"88":{"start":{"line":199,"column":7},"end":{"line":203,"column":null}},"89":{"start":{"line":206,"column":4},"end":{"line":208,"column":null}},"90":{"start":{"line":207,"column":8},"end":{"line":207,"column":null}},"91":{"start":{"line":211,"column":4},"end":{"line":211,"column":null}},"92":{"start":{"line":211,"column":20},"end":{"line":211,"column":null}},"93":{"start":{"line":212,"column":4},"end":{"line":212,"column":null}},"94":{"start":{"line":212,"column":26},"end":{"line":212,"column":null}},"95":{"start":{"line":214,"column":4},"end":{"line":214,"column":null}},"96":{"start":{"line":222,"column":18},"end":{"line":222,"column":34}},"97":{"start":{"line":223,"column":4},"end":{"line":223,"column":null}},"98":{"start":{"line":232,"column":18},"end":{"line":232,"column":34}},"99":{"start":{"line":233,"column":18},"end":{"line":233,"column":34}},"100":{"start":{"line":235,"column":20},"end":{"line":238,"column":5}},"101":{"start":{"line":240,"column":4},"end":{"line":252,"column":null}},"102":{"start":{"line":241,"column":8},"end":{"line":241,"column":null}},"103":{"start":{"line":242,"column":8},"end":{"line":242,"column":null}},"104":{"start":{"line":243,"column":8},"end":{"line":243,"column":null}},"105":{"start":{"line":245,"column":8},"end":{"line":249,"column":null}},"106":{"start":{"line":246,"column":36},"end":{"line":246,"column":59}},"107":{"start":{"line":247,"column":12},"end":{"line":247,"column":null}},"108":{"start":{"line":248,"column":12},"end":{"line":248,"column":null}},"109":{"start":{"line":251,"column":8},"end":{"line":251,"column":null}},"110":{"start":{"line":254,"column":4},"end":{"line":254,"column":null}},"111":{"start":{"line":255,"column":3},"end":{"line":255,"column":null}}},"fnMap":{"0":{"name":"initGame","decl":{"start":{"line":22,"column":16},"end":{"line":22,"column":24}},"loc":{"start":{"line":22,"column":80},"end":{"line":85,"column":null}},"line":22},"1":{"name":"(anonymous_1)","decl":{"start":{"line":58,"column":27},"end":{"line":58,"column":28}},"loc":{"start":{"line":58,"column":33},"end":{"line":68,"column":17}},"line":58},"2":{"name":"processGuess","decl":{"start":{"line":93,"column":16},"end":{"line":93,"column":28}},"loc":{"start":{"line":93,"column":57},"end":{"line":215,"column":null}},"line":93},"3":{"name":"(anonymous_3)","decl":{"start":{"line":114,"column":31},"end":{"line":114,"column":32}},"loc":{"start":{"line":114,"column":36},"end":{"line":114,"column":59}},"line":114},"4":{"name":"(anonymous_4)","decl":{"start":{"line":160,"column":27},"end":{"line":160,"column":28}},"loc":{"start":{"line":160,"column":33},"end":{"line":160,"column":55}},"line":160},"5":{"name":"(anonymous_5)","decl":{"start":{"line":170,"column":27},"end":{"line":170,"column":28}},"loc":{"start":{"line":170,"column":33},"end":{"line":170,"column":47}},"line":170},"6":{"name":"(anonymous_6)","decl":{"start":{"line":183,"column":27},"end":{"line":183,"column":28}},"loc":{"start":{"line":183,"column":33},"end":{"line":183,"column":55}},"line":183},"7":{"name":"(anonymous_7)","decl":{"start":{"line":193,"column":27},"end":{"line":193,"column":28}},"loc":{"start":{"line":193,"column":33},"end":{"line":193,"column":47}},"line":193},"8":{"name":"checkWinCondition","decl":{"start":{"line":221,"column":16},"end":{"line":221,"column":33}},"loc":{"start":{"line":221,"column":36},"end":{"line":224,"column":null}},"line":221},"9":{"name":"updateStatistics","decl":{"start":{"line":231,"column":16},"end":{"line":231,"column":32}},"loc":{"start":{"line":231,"column":57},"end":{"line":256,"column":null}},"line":231}},"branchMap":{"0":{"loc":{"start":{"line":22,"column":25},"end":{"line":22,"column":39}},"type":"default-arg","locations":[{"start":{"line":22,"column":32},"end":{"line":22,"column":39}}],"line":22},"1":{"loc":{"start":{"line":22,"column":41},"end":{"line":22,"column":62}},"type":"default-arg","locations":[{"start":{"line":22,"column":57},"end":{"line":22,"column":62}}],"line":22},"2":{"loc":{"start":{"line":22,"column":64},"end":{"line":22,"column":78}},"type":"default-arg","locations":[{"start":{"line":22,"column":76},"end":{"line":22,"column":78}}],"line":22},"3":{"loc":{"start":{"line":32,"column":4},"end":{"line":32,"column":null}},"type":"if","locations":[{"start":{"line":32,"column":4},"end":{"line":32,"column":null}},{"start":{},"end":{}}],"line":32},"4":{"loc":{"start":{"line":34,"column":4},"en
[...]
,"C:\\Development\\Locle\\src\\ui\\confetti.js": {"path":"C:\\Development\\Locle\\src\\ui\\confetti.js","statementMap":{"0":{"start":{"line":10,"column":22},"end":{"line":10,"column":67}},"1":{"start":{"line":11,"column":4},"end":{"line":11,"column":null}},"2":{"start":{"line":11,"column":20},"end":{"line":11,"column":null}},"3":{"start":{"line":13,"column":19},"end":{"line":13,"column":52}},"4":{"start":{"line":15,"column":4},"end":{"line":24,"column":null}},"5":{"start":{"line":15,"column":17},"end":{"line":15,"column":18}},"6":{"start":{"line":16,"column":25},"end":{"line":16,"column":54}},"7":{"start":{"line":17,"column":8},"end":{"line":17,"column":null}},"8":{"start":{"line":18,"column":8},"end":{"line":18,"column":null}},"9":{"start":{"line":19,"column":8},"end":{"line":19,"column":null}},"10":{"start":{"line":20,"column":8},"end":{"line":20,"column":null}},"11":{"start":{"line":21,"column":8},"end":{"line":21,"column":null}},"12":{"start":{"line":22,"column":8},"end":{"line":22,"column":null}},"13":{"start":{"line":23,"column":8},"end":{"line":23,"column":null}},"14":{"start":{"line":26,"column":4},"end":{"line":28,"column":null}},"15":{"start":{"line":27,"column":8},"end":{"line":27,"column":null}}},"fnMap":{"0":{"name":"createConfetti","decl":{"start":{"line":9,"column":16},"end":{"line":9,"column":30}},"loc":{"start":{"line":9,"column":33},"end":{"line":29,"column":null}},"line":9},"1":{"name":"(anonymous_1)","decl":{"start":{"line":26,"column":15},"end":{"line":26,"column":16}},"loc":{"start":{"line":26,"column":21},"end":{"line":28,"column":5}},"line":26}},"branchMap":{"0":{"loc":{"start":{"line":11,"column":4},"end":{"line":11,"column":null}},"type":"if","locations":[{"start":{"line":11,"column":4},"end":{"line":11,"column":null}},{"start":{},"end":{}}],"line":11}},"s":{"0":0,"1":0,"2":0,"3":0,"4":0,"5":0,"6":0,"7":0,"8":0,"9":0,"10":0,"11":0,"12":0,"13":0,"14":0,"15":0},"f":{"0":0,"1":0},"b":{"0":[0,0]},"meta":{"lastBranch":1,"lastFunction":2,"lastStatement":16,"seen":{"f:9:16:9:30":0,"s:10:22:10:67":0,"b:11:4:11:Infinity:undefined:undefined:undefined:undefined":0,"s:11:4:11:Infinity":1,"s:11:20:11:Infinity":2,"s:13:19:13:52":3,"s:15:4:24:Infinity":4,"s:15:17:15:18":5,"s:16:25:16:54":6,"s:17:8:17:Infinity":7,"s:18:8:18:Infinity":8,"s:19:8:19:Infinity":9,"s:20:8:20:Infinity":10,"s:21:8:21:Infinity":11,"s:22:8:22:Infinity":12,"s:23:8:23:Infinity":13,"s:26:4:28:Infinity":14,"f:26:15:26:16":1,"s:27:8:27:Infinity":15}}}
,"C:\\Development\\Locle\\src\\ui\\theme.js": {"path":"C:\\Development\\Locle\\src\\ui\\theme.js","statementMap":{"0":{"start":{"line":15,"column":18},"end":{"line":15,"column":34}},"1":{"start":{"line":16,"column":18},"end":{"line":16,"column":38}},"2":{"start":{"line":19,"column":4},"end":{"line":19,"column":null}},"3":{"start":{"line":22,"column":4},"end":{"line":26,"column":null}},"4":{"start":{"line":23,"column":8},"end":{"line":25,"column":null}},"5":{"start":{"line":24,"column":12},"end":{"line":24,"column":null}},"6":{"start":{"line":36,"column":4},"end":{"line":36,"column":null}},"7":{"start":{"line":46,"column":4},"end":{"line":46,"column":null}},"8":{"start":{"line":57,"column":4},"end":{"line":57,"column":null}},"9":{"start":{"line":58,"column":4},"end":{"line":58,"column":null}},"10":{"start":{"line":60,"column":4},"end":{"line":60,"column":null}},"11":{"start":{"line":60,"column":24},"end":{"line":60,"column":null}},"12":{"start":{"line":61,"column":4},"end":{"line":61,"column":null}},"13":{"start":{"line":61,"column":29},"end":{"line":61,"column":null}},"14":{"start":{"line":69,"column":4},"end":{"line":72,"column":null}},"15":{"start":{"line":70,"column":22},"end":{"line":70,"column":38}},"16":{"start":{"line":71,"column":8},"end":{"line":71,"column":null}},"17":{"start":{"line":74,"column":16},"end":{"line":74,"column":59}},"18":{"start":{"line":75,"column":4},"end":{"line":75,"column":null}},"19":{"start":{"line":75,"column":14},"end":{"line":75,"column":null}},"20":{"start":{"line":77,"column":17},"end":{"line":77,"column":48}},"21":{"start":{"line":78,"column":4},"end":{"line":80,"column":null}},"22":{"start":{"line":79,"column":8},"end":{"line":79,"column":null}},"23":{"start":{"line":81,"column":4},"end":{"line":81,"column":null}},"24":{"start":{"line":89,"column":18},"end":{"line":89,"column":34}},"25":{"start":{"line":90,"column":4},"end":{"line":90,"column":null}}},"fnMap":{"0":{"name":"initTheme","decl":{"start":{"line":14,"column":16},"end":{"line":14,"column":25}},"loc":{"start":{"line":14,"column":63},"end":{"line":27,"column":null}},"line":14},"1":{"name":"(anonymous_1)","decl":{"start":{"line":22,"column":20},"end":{"line":22,"column":21}},"loc":{"start":{"line":22,"column":44},"end":{"line":26,"column":5}},"line":22},"2":{"name":"setTheme","decl":{"start":{"line":35,"column":16},"end":{"line":35,"column":24}},"loc":{"start":{"line":35,"column":69},"end":{"line":38,"column":null}},"line":35},"3":{"name":"toggleTheme","decl":{"start":{"line":45,"column":16},"end":{"line":45,"column":27}},"loc":{"start":{"line":45,"column":65},"end":{"line":48,"column":null}},"line":45},"4":{"name":"applyThemeToDOM","decl":{"start":{"line":56,"column":9},"end":{"line":56,"column":24}},"loc":{"start":{"line":56,"column":69},"end":{"line":62,"column":null}},"line":56},"5":{"name":"updateThemeButton","decl":{"start":{"line":68,"column":16},"end":{"line":68,"column":33}},"loc":{"start":{"line":68,"column":41},"end":{"line":82,"column":null}},"line":68},"6":{"name":"getCurrentTheme","decl":{"start":{"line":88,"column":16},"end":{"line":88,"column":31}},"loc":{"start":{"line":88,"column":34},"end":{"line":91,"column":null}},"line":88}},"branchMap":{"0":{"loc":{"start":{"line":23,"column":8},"end":{"line":25,"column":null}},"type":"if","locations":[{"start":{"line":23,"column":8},"end":{"line":25,"column":null}},{"start":{},"end":{}}],"line":23},"1":{"loc":{"start":{"line":60,"column":4},"end":{"line":60,"column":null}},"type":"if","locations":[{"start":{"line":60,"column":4},"end":{"line":60,"column":null}},{"start":{},"end":{}}],"line":60},"2":{"loc":{"start":{"line":61,"column":4},"end":{"line":61,"column":null}},"type":"if","locations":[{"start":{"line":61,"column":4},"end":{"line":61,"column":null}},{"start":{},"end":{}}],"line":61},"3":{"loc":{"start":{"line":69,"column":4},"end":{"line":72,"column":null}},"type":"if","locations":[{"start":{"line":69,"column":4},"end":{"line":72,"column":null}},{"start":{},"end":{}}],"line":69},"4":{"loc":{"start":{"line":75,"column":4},"end":{"line":75,"column":null}},"type":"if","locations":[{"start":{"line":75,"column":4},"end":{"line":75,"column":null}},{"start":{},"end":{}}],"line":75},"5":{"loc":{"start":{"line":78,"column":4},"end":{"line":80,"column":null}},"type":"if","locations":[{"start":{"line":78,"column":4},"end":{"line":80,"column":null}},{"start":{},"end":{}}],"line":78},"6":{"loc":{"start":{"line":79,"column":27},"end":{"line":79,"column":57}},"type":"cond-expr","locations":[{"start":{"line":79,"column":46},"end":{"line":79,"column":50}},{"start":{"line":79,"column":53},"end":{"line":79,"column":57}}],"line":79},"7":{"loc":{"start":{"line":81,"column":16},"end":{"line":81,"column":81}},"type":"cond-expr","locations":[{"start":{"line":81,"column":35},"end":{"line":81,"column":57}},{"start":{"line":81,"column":60},"end":{"line":81,"column":81}}],"line":81}},"s":{"0":0,"1":0,"2":0,"3":0,"4":0,"5":0,"6":0,"7":0,"8":0,"9":0,"10":0,"11":0,"12":0,"13":0,"14":5,"15":1,"16":1,"17":5,"18":5,"19":1,"20":4,"21":4,"22":3,"23":4,"24":1,"25":1},"f":{"0":0,"1":0,"2":0,"3":0,"4":0,"5":5,"6":1},"b":{"0":[0,0],"1":[0,0],"2":[0,0],"3":[1,4],"4":[1,4],"5":[3,1],"6":[1,2],"7":[2,2]},"meta":{"lastBranch":8,"lastFunction":7,"lastStatement":26,"seen":{"f:14:16:14:25":0,"s:15:18:15:34":0,"s:16:18:16:38":1,"s:19:4:19:Infinity":2,"s:22:4:26:Infinity":3,"f:22:20:22:21":1,"b:23:8:25:Infinity:undefined:undefined:undefined:undefined":0,"s:23:8:25:Infinity":4,"s:24:12:24:Infinity":5,"f:35:16:35:24":2,"s:36:4:36:Infinity":6,"f:45:16:45:27":3,"s:46:4:46:Infinity":7,"f:56:9:56:24":4,"s:57:4:57:Infinity":8,"s:58:4:58:Infinity":9,"b:60:4:60:Infinity:undefined:undefined:undefined:undefined":1,"s:60:4:60:Infinity":10,"s:60:24:60:Infinity":11,"b:61:4:61:Infinity:undefined:undefined:undefined:undefined":2,"s:61:4:61:Infinity":12,"s:61:29:61:Infinity":13,"f:68:16:68:33":5,"b:69:4:72:Infinity:undefined:undefined:undefined:undefined":3,"s:69:4:72:Infinity":14,"s:70:22:70:38":15,"s:71:8:71:Infinity":16,"s:74:16:74:59":17,"b:75:4:75:Infinity:undefined:undefined:undefined:undefined":4,"s:75:4:75:Infinity":18,"s:75:14:75:Infinity":19,"s:77:17:77:48":20,"b:78:4:80:Infinity:undefined:undefined:undefined:undefined":5,"s:78:4:80:Infinity":21,"s:79:8:79:Infinity":22,"b:79:46:79:50:79:53:79:57":6,"s:81:4:81:Infinity":23,"b:81:35:81:57:81:60:81:81":7,"f:88:16:88:31":6,"s:89:18:89:34":24,"s:90:4:90:Infinity":25}}}
,"C:\\Development\\Locle\\src\\utils\\calculations.js": {"path":"C:\\Development\\Locle\\src\\utils\\calculations.js","statementMap":{"0":{"start":{"line":15,"column":14},"end":{"line":15,"column":18}},"1":{"start":{"line":16,"column":17},"end":{"line":16,"column":50}},"2":{"start":{"line":17,"column":17},"end":{"line":17,"column":50}},"3":{"start":{"line":18,"column":14},"end":{"line":20,"column":49}},"4":{"start":{"line":21,"column":4},"end":{"line":21,"column":null}},"5":{"start":{"line":31,"column":17},"end":{"line":31,"column":52}},"6":{"start":{"line":32,"column":17},"end":{"line":32,"column":41}},"7":{"start":{"line":33,"column":17},"end":{"line":33,"column":39}},"8":{"start":{"line":34,"column":14},"end":{"line":34,"column":45}},"9":{"start":{"line":35,"column":14},"end":{"line":35,"column":96}},"10":{"start":{"line":36,"column":20},"end":{"line":36,"column":66}},"11":{"start":{"line":37,"column":19},"end":{"line":37,"column":59}},"12":{"start":{"line":38,"column":4},"end":{"line":38,"column":null}},"13":{"start":{"line":47,"column":4},"end":{"line":47,"column":null}},"14":{"start":{"line":47,"column":24},"end":{"line":47,"column":null}},"15":{"start":{"line":48,"column":18},"end":{"line":48,"column":41}},"16":{"start":{"line":49,"column":4},"end":{"line":49,"column":null}},"17":{"start":{"line":49,"column":23},"end":{"line":49,"column":null}},"18":{"start":{"line":50,"column":4},"end":{"line":50,"column":null}},"19":{"start":{"line":50,"column":23},"end":{"line":50,"column":null}},"20":{"start":{"line":51,"column":4},"end":{"line":51,"column":null}},"21":{"start":{"line":51,"column":23},"end":{"line":51,"column":null}},"22":{"start":{"line":52,"column":4},"end":{"line":52,"column":null}},"23":{"start":{"line":52,"column":23},"end":{"line":52,"column":null}},"24":{"start":{"line":53,"column":4},"end":{"line":53,"column":null}},"25":{"start":{"line":53,"column":23},"end":{"line":53,"column":null}},"26":{"start":{"line":54,"column":4},"end":{"line":54,"column":null}},"27":{"start":{"line":54,"column":23},"end":{"line":54,"column":null}},"28":{"start":{"line":55,"column":4},"end":{"line":55,"column":null}},"29":{"start":{"line":62,"column":27},"end":{"line":62,"column":41}}},"fnMap":{"0":{"name":"getDistance","decl":{"start":{"line":14,"column":16},"end":{"line":14,"column":27}},"loc":{"start":{"line":14,"column":36},"end":{"line":22,"column":null}},"line":14},"1":{"name":"getBearing","decl":{"start":{"line":30,"column":16},"end":{"line":30,"column":26}},"loc":{"start":{"line":30,"column":37},"end":{"line":39,"column":null}},"line":30},"2":{"name":"getProximityColor","decl":{"start":{"line":46,"column":16},"end":{"line":46,"column":33}},"loc":{"start":{"line":46,"column":44},"end":{"line":56,"column":null}},"line":46}},"branchMap":{"0":{"loc":{"start":{"line":47,"column":4},"end":{"line":47,"column":null}},"type":"if","locations":[{"start":{"line":47,"column":4},"end":{"line":47,"column":null}},{"start":{},"end":{}}],"line":47},"1":{"loc":{"start":{"line":49,"column":4},"end":{"line":49,"column":null}},"type":"if","locations":[{"start":{"line":49,"column":4},"end":{"line":49,"column":null}},{"start":{},"end":{}}],"line":49},"2":{"loc":{"start":{"line":50,"column":4},"end":{"line":50,"column":null}},"type":"if","locations":[{"start":{"line":50,"column":4},"end":{"line":50,"column":null}},{"start":{},"end":{}}],"line":50},"3":{"loc":{"start":{"line":51,"column":4},"end":{"line":51,"column":null}},"type":"if","locations":[{"start":{"line":51,"column":4},"end":{"line":51,"column":null}},{"start":{},"end":{}}],"line":51},"4":{"loc":{"start":{"line":52,"column":4},"end":{"line":52,"column":null}},"type":"if","locations":[{"start":{"line":52,"column":4},"end":{"line":52,"column":null}},{"start":{},"end":{}}],"line":52},"5":{"loc":{"start":{"line":53,"column":4},"end":{"line":53,"column":null}},"type":"if","locations":[{"start":{"line":53,"column":4},"end":{"line":53,"column":null}},{"start":{},"end":{}}],"line":53},"6":{"loc":{"start":{"line":54,"column":4},"end":{"line":54,"column":null}},"type":"if","locations":[{"start":{"line":54,"column":4},"end":{"line":54,"column":null}},{"start":{},"end":{}}],"line":54}},"s":{"0":8,"1":8,"2":8,"3":8,"4":8,"5":10,"6":10,"7":10,"8":10,"9":10,"10":10,"11":10,"12":10,"13":16,"14":1,"15":15,"16":15,"17":3,"18":12,"19":12,"20":10,"21":10,"22":8,"23":8,"24":6,"25":6,"26":4,"27":4,"28":2,"29":1},"f":{"0":8,"1":10,"2":16},"b":{"0":[1,15],"1":[3,12],"2":[2,10],"3":[2,8],"4":[2,6],"5":[2,4],"6":[2,2]},"meta":{"lastBranch":7,"lastFunction":3,"lastStatement":30,"seen":{"f:14:16:14:27":0,"s:15:14:15:18":0,"s:16:17:16:50":1,"s:17:17:17:50":2,"s:18:14:20:49":3,"s:21:4:21:Infinity":4,"f:30:16:30:26":1,"s:31:17:31:52":5,"s:32:17:32:41":6,"s:33:17:33:39":7,"s:34:14:34:45":8,"s:35:14:35:96":9,"s:36:20:36:66":10,"s:37:19:37:59":11,"s:38:4:38:Infinity":12,"f:46:16:46:33":2,"b:47:4:47:Infinity:undefined:undefined:undefined:undefined":0,"s:47:4:47:Infinity":13,"s:47:24:47:Infinity":14,"s:48:18:48:41":15,"b:49:4:49:Infinity:undefined:undefined:undefined:undefined":1,"s:49:4:49:Infinity":16,"s:49:23:49:Infinity":17,"b:50:4:50:Infinity:undefined:undefined:undefined:undefined":2,"s:50:4:50:Infinity":18,"s:50:23:50:Infinity":19,"b:51:4:51:Infinity:undefined:undefined:undefined:undefined":3,"s:51:4:51:Infinity":20,"s:51:23:51:Infinity":21,"b:52:4:52:Infinity:undefined:undefined:undefined:undefined":4,"s:52:4:52:Infinity":22,"s:52:23:52:Infinity":23,"b:53:4:53:Infinity:undefined:undefined:undefined:undefined":5,"s:53:4:53:Infinity":24,"s:53:23:53:Infinity":25,"b:54:4:54:Infinity:undefined:undefined:undefined:undefined":6,"s:54:4:54:Infinity":26,"s:54:23:54:Infinity":27,"s:55:4:55:Infinity":28,"s:62:27:62:41":29}}}
,"C:\\Development\\Locle\\src\\utils\\constants.js": {"path":"C:\\Development\\Locle\\src\\utils\\constants.js","statementMap":{"0":{"start":{"line":5,"column":28},"end":{"line":5,"column":31}},"1":{"start":{"line":10,"column":22},"end":{"line":19,"column":1}},"2":{"start":{"line":21,"column":28},"end":{"line":29,"column":1}},"3":{"start":{"line":34,"column":32},"end":{"line":43,"column":1}}},"fnMap":{},"branchMap":{},"s":{"0":1,"1":1,"2":1,"3":1},"f":{},"b":{},"meta":{"lastBranch":0,"lastFunction":0,"lastStatement":4,"seen":{"s:5:28:5:31":0,"s:10:22:19:1":1,"s:21:28:29:1":2,"s:34:32:43:1":3}}}
,"C:\\Development\\Locle\\src\\utils\\dateUtils.js": {"path":"C:\\Development\\Locle\\src\\utils\\dateUtils.js","statementMap":{"0":{"start":{"line":12,"column":4},"end":{"line":12,"column":null}},"1":{"start":{"line":20,"column":18},"end":{"line":20,"column":39}},"2":{"start":{"line":21,"column":15},"end":{"line":21,"column":16}},"3":{"start":{"line":22,"column":4},"end":{"line":25,"column":null}},"4":{"start":{"line":22,"column":17},"end":{"line":22,"column":18}},"5":{"start":{"line":23,"column":8},"end":{"line":23,"column":null}},"6":{"start":{"line":24,"column":8},"end":{"line":24,"column":null}},"7":{"start":{"line":26,"column":4},"end":{"line":26,"column":null}},"8":{"start":{"line":34,"column":18},"end":{"line":34,"column":40}},"9":{"start":{"line":35,"column":18},"end":{"line":35,"column":28}},"10":{"start":{"line":36,"column":4},"end":{"line":36,"column":null}},"11":{"start":{"line":37,"column":4},"end":{"line":37,"column":null}},"12":{"start":{"line":45,"column":16},"end":{"line":45,"column":26}},"13":{"start":{"line":46,"column":21},"end":{"line":46,"column":34}},"14":{"start":{"line":47,"column":4},"end":{"line":47,"column":null}},"15":{"start":{"line":48,"column":4},"end":{"line":48,"column":null}},"16":{"start":{"line":49,"column":4},"end":{"line":49,"column":null}},"17":{"start":{"line":58,"column":18},"end":{"line":58,"column":61}},"18":{"start":{"line":59,"column":20},"end":{"line":59,"column":79}},"19":{"start":{"line":60,"column":20},"end":{"line":60,"column":67}},"20":{"start":{"line":61,"column":4},"end":{"line":61,"column":null}},"21":{"start":{"line":69,"column":4},"end":{"line":69,"column":null}}},"fnMap":{"0":{"name":"getTodaysDateString","decl":{"start":{"line":11,"column":16},"end":{"line":11,"column":35}},"loc":{"start":{"line":11,"column":38},"end":{"line":13,"column":null}},"line":11},"1":{"name":"getDailyCounty","decl":{"start":{"line":19,"column":16},"end":{"line":19,"column":30}},"loc":{"start":{"line":19,"column":33},"end":{"line":27,"column":null}},"line":19},"2":{"name":"getGameNumber","decl":{"start":{"line":33,"column":16},"end":{"line":33,"column":29}},"loc":{"start":{"line":33,"column":32},"end":{"line":38,"column":null}},"line":33},"3":{"name":"getTimeUntilNextDay","decl":{"start":{"line":44,"column":16},"end":{"line":44,"column":35}},"loc":{"start":{"line":44,"column":38},"end":{"line":50,"column":null}},"line":44},"4":{"name":"formatTimeRemaining","decl":{"start":{"line":57,"column":16},"end":{"line":57,"column":35}},"loc":{"start":{"line":57,"column":50},"end":{"line":62,"column":null}},"line":57},"5":{"name":"getRandomCounty","decl":{"start":{"line":68,"column":16},"end":{"line":68,"column":31}},"loc":{"start":{"line":68,"column":34},"end":{"line":70,"column":null}},"line":68}},"branchMap":{},"s":{"0":46,"1":41,"2":41,"3":41,"4":41,"5":410,"6":410,"7":41,"8":9,"9":9,"10":9,"11":9,"12":5,"13":5,"14":5,"15":5,"16":5,"17":9,"18":9,"19":9,"20":9,"21":153},"f":{"0":46,"1":41,"2":9,"3":5,"4":9,"5":153},"b":{},"meta":{"lastBranch":0,"lastFunction":6,"lastStatement":22,"seen":{"f:11:16:11:35":0,"s:12:4:12:Infinity":0,"f:19:16:19:30":1,"s:20:18:20:39":1,"s:21:15:21:16":2,"s:22:4:25:Infinity":3,"s:22:17:22:18":4,"s:23:8:23:Infinity":5,"s:24:8:24:Infinity":6,"s:26:4:26:Infinity":7,"f:33:16:33:29":2,"s:34:18:34:40":8,"s:35:18:35:28":9,"s:36:4:36:Infinity":10,"s:37:4:37:Infinity":11,"f:44:16:44:35":3,"s:45:16:45:26":12,"s:46:21:46:34":13,"s:47:4:47:Infinity":14,"s:48:4:48:Infinity":15,"s:49:4:49:Infinity":16,"f:57:16:57:35":4,"s:58:18:58:61":17,"s:59:20:59:79":18,"s:60:20:60:67":19,"s:61:4:61:Infinity":20,"f:68:16:68:31":5,"s:69:4:69:Infinity":21}}}
}
